ARM GAS  C:\Users\jadeh\AppData\Local\Temp\ccXfYkwJ.s 			page 1


   1              		.syntax unified
   2              		.cpu cortex-m4
   3              		.eabi_attribute 27, 1
   4              		.fpu fpv4-sp-d16
   5              		.eabi_attribute 20, 1
   6              		.eabi_attribute 21, 1
   7              		.eabi_attribute 23, 3
   8              		.eabi_attribute 24, 1
   9              		.eabi_attribute 25, 1
  10              		.eabi_attribute 26, 1
  11              		.eabi_attribute 30, 1
  12              		.eabi_attribute 34, 1
  13              		.eabi_attribute 18, 4
  14              		.thumb
  15              		.syntax unified
  16              		.file	"cyfitter_sysint_cfg.c"
  17              		.text
  18              	.Ltext0:
  19              		.cfi_sections	.debug_frame
  20              		.global	Bouton_ISR_cfg
  21              		.global	UART_1_SCB_IRQ_cfg
  22              		.section	.rodata
  23              		.align	2
  24              		.type	Bouton_ISR_cfg, %object
  25              		.size	Bouton_ISR_cfg, 8
  26              	Bouton_ISR_cfg:
  27 0000 7A00     		.short	122
  28 0002 0000     		.space	2
  29 0004 07000000 		.word	7
  30              		.type	UART_1_SCB_IRQ_cfg, %object
  31              		.size	UART_1_SCB_IRQ_cfg, 8
  32              	UART_1_SCB_IRQ_cfg:
  33 0008 2E00     		.short	46
  34 000a 0000     		.space	2
  35 000c 07000000 		.word	7
  36              		.text
  37              	.Letext0:
  38              		.file 1 "Generated_Source\\PSoC6\\pdl\\devices/psoc6/include/cy8c6347bzi_bld53.h"
  39              		.file 2 "c:\\program files (x86)\\cypress\\psoc creator\\4.4\\psoc creator\\import\\gnu\\arm\\5.4.
  40              		.file 3 "c:\\program files (x86)\\cypress\\psoc creator\\4.4\\psoc creator\\import\\gnu\\arm\\5.4.
  41              		.file 4 "Generated_Source\\PSoC6\\pdl\\drivers/peripheral/device/cy_device.h"
  42              		.file 5 "Generated_Source\\PSoC6\\pdl\\drivers/peripheral/sysint/cy_sysint.h"
  43              		.file 6 "Generated_Source\\PSoC6\\pdl\\cmsis/include/core_cm4.h"
  44              		.file 7 "Generated_Source\\PSoC6\\cyfitter_sysint_cfg.c"
  45              		.section	.debug_info,"",%progbits
  46              	.Ldebug_info0:
  47 0000 57090000 		.4byte	0x957
  48 0004 0400     		.2byte	0x4
  49 0006 00000000 		.4byte	.Ldebug_abbrev0
  50 000a 04       		.byte	0x4
  51 000b 01       		.uleb128 0x1
  52 000c 69030000 		.4byte	.LASF277
  53 0010 0C       		.byte	0xc
  54 0011 47140000 		.4byte	.LASF278
  55 0015 C40A0000 		.4byte	.LASF279
  56 0019 00000000 		.4byte	.Ldebug_line0
  57 001d 02       		.uleb128 0x2
ARM GAS  C:\Users\jadeh\AppData\Local\Temp\ccXfYkwJ.s 			page 2


  58 001e 02       		.byte	0x2
  59 001f DE030000 		.4byte	0x3de
  60 0023 01       		.byte	0x1
  61 0024 24       		.byte	0x24
  62 0025 DE030000 		.4byte	0x3de
  63 0029 03       		.uleb128 0x3
  64 002a 5D150000 		.4byte	.LASF0
  65 002e 71       		.sleb128 -15
  66 002f 03       		.uleb128 0x3
  67 0030 01110000 		.4byte	.LASF1
  68 0034 72       		.sleb128 -14
  69 0035 03       		.uleb128 0x3
  70 0036 96150000 		.4byte	.LASF2
  71 003a 73       		.sleb128 -13
  72 003b 03       		.uleb128 0x3
  73 003c A0040000 		.4byte	.LASF3
  74 0040 74       		.sleb128 -12
  75 0041 03       		.uleb128 0x3
  76 0042 250D0000 		.4byte	.LASF4
  77 0046 75       		.sleb128 -11
  78 0047 03       		.uleb128 0x3
  79 0048 00140000 		.4byte	.LASF5
  80 004c 76       		.sleb128 -10
  81 004d 03       		.uleb128 0x3
  82 004e 01070000 		.4byte	.LASF6
  83 0052 7B       		.sleb128 -5
  84 0053 03       		.uleb128 0x3
  85 0054 EE130000 		.4byte	.LASF7
  86 0058 7C       		.sleb128 -4
  87 0059 03       		.uleb128 0x3
  88 005a 5D030000 		.4byte	.LASF8
  89 005e 7E       		.sleb128 -2
  90 005f 03       		.uleb128 0x3
  91 0060 EB120000 		.4byte	.LASF9
  92 0064 7F       		.sleb128 -1
  93 0065 04       		.uleb128 0x4
  94 0066 A4160000 		.4byte	.LASF10
  95 006a 00       		.byte	0
  96 006b 04       		.uleb128 0x4
  97 006c 7F0E0000 		.4byte	.LASF11
  98 0070 01       		.byte	0x1
  99 0071 04       		.uleb128 0x4
 100 0072 29020000 		.4byte	.LASF12
 101 0076 02       		.byte	0x2
 102 0077 04       		.uleb128 0x4
 103 0078 15120000 		.4byte	.LASF13
 104 007c 03       		.byte	0x3
 105 007d 04       		.uleb128 0x4
 106 007e A1090000 		.4byte	.LASF14
 107 0082 04       		.byte	0x4
 108 0083 04       		.uleb128 0x4
 109 0084 1E160000 		.4byte	.LASF15
 110 0088 05       		.byte	0x5
 111 0089 04       		.uleb128 0x4
 112 008a C10D0000 		.4byte	.LASF16
 113 008e 06       		.byte	0x6
 114 008f 04       		.uleb128 0x4
ARM GAS  C:\Users\jadeh\AppData\Local\Temp\ccXfYkwJ.s 			page 3


 115 0090 0B050000 		.4byte	.LASF17
 116 0094 07       		.byte	0x7
 117 0095 04       		.uleb128 0x4
 118 0096 BB110000 		.4byte	.LASF18
 119 009a 08       		.byte	0x8
 120 009b 04       		.uleb128 0x4
 121 009c 37090000 		.4byte	.LASF19
 122 00a0 09       		.byte	0x9
 123 00a1 04       		.uleb128 0x4
 124 00a2 BD090000 		.4byte	.LASF20
 125 00a6 0A       		.byte	0xa
 126 00a7 04       		.uleb128 0x4
 127 00a8 66070000 		.4byte	.LASF21
 128 00ac 0B       		.byte	0xb
 129 00ad 04       		.uleb128 0x4
 130 00ae 83100000 		.4byte	.LASF22
 131 00b2 0C       		.byte	0xc
 132 00b3 04       		.uleb128 0x4
 133 00b4 27050000 		.4byte	.LASF23
 134 00b8 0D       		.byte	0xd
 135 00b9 04       		.uleb128 0x4
 136 00ba 82110000 		.4byte	.LASF24
 137 00be 0E       		.byte	0xe
 138 00bf 04       		.uleb128 0x4
 139 00c0 24000000 		.4byte	.LASF25
 140 00c4 0F       		.byte	0xf
 141 00c5 04       		.uleb128 0x4
 142 00c6 1E150000 		.4byte	.LASF26
 143 00ca 10       		.byte	0x10
 144 00cb 04       		.uleb128 0x4
 145 00cc 2D0C0000 		.4byte	.LASF27
 146 00d0 11       		.byte	0x11
 147 00d1 04       		.uleb128 0x4
 148 00d2 8B040000 		.4byte	.LASF28
 149 00d6 12       		.byte	0x12
 150 00d7 04       		.uleb128 0x4
 151 00d8 FC0B0000 		.4byte	.LASF29
 152 00dc 13       		.byte	0x13
 153 00dd 04       		.uleb128 0x4
 154 00de 0D020000 		.4byte	.LASF30
 155 00e2 14       		.byte	0x14
 156 00e3 04       		.uleb128 0x4
 157 00e4 C1060000 		.4byte	.LASF31
 158 00e8 15       		.byte	0x15
 159 00e9 04       		.uleb128 0x4
 160 00ea F7090000 		.4byte	.LASF32
 161 00ee 16       		.byte	0x16
 162 00ef 04       		.uleb128 0x4
 163 00f0 D0010000 		.4byte	.LASF33
 164 00f4 17       		.byte	0x17
 165 00f5 04       		.uleb128 0x4
 166 00f6 A0100000 		.4byte	.LASF34
 167 00fa 18       		.byte	0x18
 168 00fb 04       		.uleb128 0x4
 169 00fc 9D0C0000 		.4byte	.LASF35
 170 0100 19       		.byte	0x19
 171 0101 04       		.uleb128 0x4
ARM GAS  C:\Users\jadeh\AppData\Local\Temp\ccXfYkwJ.s 			page 4


 172 0102 B1000000 		.4byte	.LASF36
 173 0106 1A       		.byte	0x1a
 174 0107 04       		.uleb128 0x4
 175 0108 FD070000 		.4byte	.LASF37
 176 010c 1B       		.byte	0x1b
 177 010d 04       		.uleb128 0x4
 178 010e 68170000 		.4byte	.LASF38
 179 0112 1C       		.byte	0x1c
 180 0113 04       		.uleb128 0x4
 181 0114 AE140000 		.4byte	.LASF39
 182 0118 1D       		.byte	0x1d
 183 0119 04       		.uleb128 0x4
 184 011a 430C0000 		.4byte	.LASF40
 185 011e 1E       		.byte	0x1e
 186 011f 04       		.uleb128 0x4
 187 0120 9F110000 		.4byte	.LASF41
 188 0124 1F       		.byte	0x1f
 189 0125 04       		.uleb128 0x4
 190 0126 F00F0000 		.4byte	.LASF42
 191 012a 20       		.byte	0x20
 192 012b 04       		.uleb128 0x4
 193 012c 83070000 		.4byte	.LASF43
 194 0130 21       		.byte	0x21
 195 0131 04       		.uleb128 0x4
 196 0132 3A160000 		.4byte	.LASF44
 197 0136 22       		.byte	0x22
 198 0137 04       		.uleb128 0x4
 199 0138 300B0000 		.4byte	.LASF45
 200 013c 23       		.byte	0x23
 201 013d 04       		.uleb128 0x4
 202 013e 6B010000 		.4byte	.LASF46
 203 0142 24       		.byte	0x24
 204 0143 04       		.uleb128 0x4
 205 0144 65110000 		.4byte	.LASF47
 206 0148 25       		.byte	0x25
 207 0149 04       		.uleb128 0x4
 208 014a 97060000 		.4byte	.LASF48
 209 014e 26       		.byte	0x26
 210 014f 04       		.uleb128 0x4
 211 0150 40150000 		.4byte	.LASF49
 212 0154 27       		.byte	0x27
 213 0155 04       		.uleb128 0x4
 214 0156 E80C0000 		.4byte	.LASF50
 215 015a 28       		.byte	0x28
 216 015b 04       		.uleb128 0x4
 217 015c 0D070000 		.4byte	.LASF51
 218 0160 29       		.byte	0x29
 219 0161 04       		.uleb128 0x4
 220 0162 910D0000 		.4byte	.LASF52
 221 0166 2A       		.byte	0x2a
 222 0167 04       		.uleb128 0x4
 223 0168 00120000 		.4byte	.LASF53
 224 016c 2B       		.byte	0x2b
 225 016d 04       		.uleb128 0x4
 226 016e CD000000 		.4byte	.LASF54
 227 0172 2C       		.byte	0x2c
 228 0173 04       		.uleb128 0x4
ARM GAS  C:\Users\jadeh\AppData\Local\Temp\ccXfYkwJ.s 			page 5


 229 0174 B5050000 		.4byte	.LASF55
 230 0178 2D       		.byte	0x2d
 231 0179 04       		.uleb128 0x4
 232 017a D30C0000 		.4byte	.LASF56
 233 017e 2E       		.byte	0x2e
 234 017f 04       		.uleb128 0x4
 235 0180 50110000 		.4byte	.LASF57
 236 0184 2F       		.byte	0x2f
 237 0185 04       		.uleb128 0x4
 238 0186 84170000 		.4byte	.LASF58
 239 018a 30       		.byte	0x30
 240 018b 04       		.uleb128 0x4
 241 018c 3C070000 		.4byte	.LASF59
 242 0190 31       		.byte	0x31
 243 0191 04       		.uleb128 0x4
 244 0192 95120000 		.4byte	.LASF60
 245 0196 32       		.byte	0x32
 246 0197 04       		.uleb128 0x4
 247 0198 550A0000 		.4byte	.LASF61
 248 019c 33       		.byte	0x33
 249 019d 04       		.uleb128 0x4
 250 019e 24010000 		.4byte	.LASF62
 251 01a2 34       		.byte	0x34
 252 01a3 04       		.uleb128 0x4
 253 01a4 550E0000 		.4byte	.LASF63
 254 01a8 35       		.byte	0x35
 255 01a9 04       		.uleb128 0x4
 256 01aa 67130000 		.4byte	.LASF64
 257 01ae 36       		.byte	0x36
 258 01af 04       		.uleb128 0x4
 259 01b0 DA140000 		.4byte	.LASF65
 260 01b4 37       		.byte	0x37
 261 01b5 04       		.uleb128 0x4
 262 01b6 85090000 		.4byte	.LASF66
 263 01ba 38       		.byte	0x38
 264 01bb 04       		.uleb128 0x4
 265 01bc 90000000 		.4byte	.LASF67
 266 01c0 39       		.byte	0x39
 267 01c1 04       		.uleb128 0x4
 268 01c2 67100000 		.4byte	.LASF68
 269 01c6 3A       		.byte	0x3a
 270 01c7 04       		.uleb128 0x4
 271 01c8 390E0000 		.4byte	.LASF69
 272 01cc 3B       		.byte	0x3b
 273 01cd 04       		.uleb128 0x4
 274 01ce FF080000 		.4byte	.LASF70
 275 01d2 3C       		.byte	0x3c
 276 01d3 04       		.uleb128 0x4
 277 01d4 C0160000 		.4byte	.LASF71
 278 01d8 3D       		.byte	0x3d
 279 01d9 04       		.uleb128 0x4
 280 01da 9B0E0000 		.4byte	.LASF72
 281 01de 3E       		.byte	0x3e
 282 01df 04       		.uleb128 0x4
 283 01e0 5A020000 		.4byte	.LASF73
 284 01e4 3F       		.byte	0x3f
 285 01e5 04       		.uleb128 0x4
ARM GAS  C:\Users\jadeh\AppData\Local\Temp\ccXfYkwJ.s 			page 6


 286 01e6 31120000 		.4byte	.LASF74
 287 01ea 40       		.byte	0x40
 288 01eb 04       		.uleb128 0x4
 289 01ec DA090000 		.4byte	.LASF75
 290 01f0 41       		.byte	0x41
 291 01f1 04       		.uleb128 0x4
 292 01f2 27030000 		.4byte	.LASF76
 293 01f6 42       		.byte	0x42
 294 01f7 04       		.uleb128 0x4
 295 01f8 05130000 		.4byte	.LASF77
 296 01fc 43       		.byte	0x43
 297 01fd 04       		.uleb128 0x4
 298 01fe 970A0000 		.4byte	.LASF78
 299 0202 44       		.byte	0x44
 300 0203 04       		.uleb128 0x4
 301 0204 F1160000 		.4byte	.LASF79
 302 0208 45       		.byte	0x45
 303 0209 04       		.uleb128 0x4
 304 020a B80E0000 		.4byte	.LASF80
 305 020e 46       		.byte	0x46
 306 020f 04       		.uleb128 0x4
 307 0210 E4050000 		.4byte	.LASF81
 308 0214 47       		.byte	0x47
 309 0215 04       		.uleb128 0x4
 310 0216 5E120000 		.4byte	.LASF82
 311 021a 48       		.byte	0x48
 312 021b 04       		.uleb128 0x4
 313 021c 1C0A0000 		.4byte	.LASF83
 314 0220 49       		.byte	0x49
 315 0221 04       		.uleb128 0x4
 316 0222 E2000000 		.4byte	.LASF84
 317 0226 4A       		.byte	0x4a
 318 0227 04       		.uleb128 0x4
 319 0228 1D0E0000 		.4byte	.LASF85
 320 022c 4B       		.byte	0x4b
 321 022d 04       		.uleb128 0x4
 322 022e D40E0000 		.4byte	.LASF86
 323 0232 4C       		.byte	0x4c
 324 0233 04       		.uleb128 0x4
 325 0234 13060000 		.4byte	.LASF87
 326 0238 4D       		.byte	0x4d
 327 0239 04       		.uleb128 0x4
 328 023a 01150000 		.4byte	.LASF88
 329 023e 4E       		.byte	0x4e
 330 023f 04       		.uleb128 0x4
 331 0240 380A0000 		.4byte	.LASF89
 332 0244 4F       		.byte	0x4f
 333 0245 04       		.uleb128 0x4
 334 0246 FE000000 		.4byte	.LASF90
 335 024a 50       		.byte	0x50
 336 024b 04       		.uleb128 0x4
 337 024c BE100000 		.4byte	.LASF91
 338 0250 51       		.byte	0x51
 339 0251 04       		.uleb128 0x4
 340 0252 9F070000 		.4byte	.LASF92
 341 0256 52       		.byte	0x52
 342 0257 04       		.uleb128 0x4
ARM GAS  C:\Users\jadeh\AppData\Local\Temp\ccXfYkwJ.s 			page 7


 343 0258 62160000 		.4byte	.LASF93
 344 025c 53       		.byte	0x53
 345 025d 04       		.uleb128 0x4
 346 025e 27170000 		.4byte	.LASF94
 347 0262 54       		.byte	0x54
 348 0263 04       		.uleb128 0x4
 349 0264 4D0B0000 		.4byte	.LASF95
 350 0268 55       		.byte	0x55
 351 0269 04       		.uleb128 0x4
 352 026a FD0D0000 		.4byte	.LASF96
 353 026e 56       		.byte	0x56
 354 026f 04       		.uleb128 0x4
 355 0270 6F050000 		.4byte	.LASF97
 356 0274 57       		.byte	0x57
 357 0275 04       		.uleb128 0x4
 358 0276 99170000 		.4byte	.LASF98
 359 027a 58       		.byte	0x58
 360 027b 04       		.uleb128 0x4
 361 027c 7B0F0000 		.4byte	.LASF99
 362 0280 59       		.byte	0x59
 363 0281 04       		.uleb128 0x4
 364 0282 43170000 		.4byte	.LASF100
 365 0286 5A       		.byte	0x5a
 366 0287 04       		.uleb128 0x4
 367 0288 B90C0000 		.4byte	.LASF101
 368 028c 5B       		.byte	0x5b
 369 028d 04       		.uleb128 0x4
 370 028e 43030000 		.4byte	.LASF102
 371 0292 5C       		.byte	0x5c
 372 0293 04       		.uleb128 0x4
 373 0294 41130000 		.4byte	.LASF103
 374 0298 5D       		.byte	0x5d
 375 0299 04       		.uleb128 0x4
 376 029a 19080000 		.4byte	.LASF104
 377 029e 5E       		.byte	0x5e
 378 029f 04       		.uleb128 0x4
 379 02a0 0D170000 		.4byte	.LASF105
 380 02a4 5F       		.byte	0x5f
 381 02a5 04       		.uleb128 0x4
 382 02a6 F10E0000 		.4byte	.LASF106
 383 02aa 60       		.byte	0x60
 384 02ab 04       		.uleb128 0x4
 385 02ac DB020000 		.4byte	.LASF107
 386 02b0 61       		.byte	0x61
 387 02b1 04       		.uleb128 0x4
 388 02b2 28040000 		.4byte	.LASF108
 389 02b6 62       		.byte	0x62
 390 02b7 04       		.uleb128 0x4
 391 02b8 B4080000 		.4byte	.LASF109
 392 02bc 63       		.byte	0x63
 393 02bd 04       		.uleb128 0x4
 394 02be B9170000 		.4byte	.LASF110
 395 02c2 64       		.byte	0x64
 396 02c3 04       		.uleb128 0x4
 397 02c4 9B0F0000 		.4byte	.LASF111
 398 02c8 65       		.byte	0x65
 399 02c9 04       		.uleb128 0x4
ARM GAS  C:\Users\jadeh\AppData\Local\Temp\ccXfYkwJ.s 			page 8


 400 02ca 22070000 		.4byte	.LASF112
 401 02ce 66       		.byte	0x66
 402 02cf 04       		.uleb128 0x4
 403 02d0 9B130000 		.4byte	.LASF113
 404 02d4 67       		.byte	0x67
 405 02d5 04       		.uleb128 0x4
 406 02d6 650B0000 		.4byte	.LASF114
 407 02da 68       		.byte	0x68
 408 02db 04       		.uleb128 0x4
 409 02dc AC010000 		.4byte	.LASF115
 410 02e0 69       		.byte	0x69
 411 02e1 04       		.uleb128 0x4
 412 02e2 1E0F0000 		.4byte	.LASF116
 413 02e6 6A       		.byte	0x6a
 414 02e7 04       		.uleb128 0x4
 415 02e8 DC060000 		.4byte	.LASF117
 416 02ec 6B       		.byte	0x6b
 417 02ed 04       		.uleb128 0x4
 418 02ee 03160000 		.4byte	.LASF118
 419 02f2 6C       		.byte	0x6c
 420 02f3 04       		.uleb128 0x4
 421 02f4 A60D0000 		.4byte	.LASF119
 422 02f8 6D       		.byte	0x6d
 423 02f9 04       		.uleb128 0x4
 424 02fa F0040000 		.4byte	.LASF120
 425 02fe 6E       		.byte	0x6e
 426 02ff 04       		.uleb128 0x4
 427 0300 93140000 		.4byte	.LASF121
 428 0304 6F       		.byte	0x6f
 429 0305 04       		.uleb128 0x4
 430 0306 1C090000 		.4byte	.LASF122
 431 030a 70       		.byte	0x70
 432 030b 04       		.uleb128 0x4
 433 030c 3D000000 		.4byte	.LASF123
 434 0310 71       		.byte	0x71
 435 0311 04       		.uleb128 0x4
 436 0312 D50F0000 		.4byte	.LASF124
 437 0316 72       		.byte	0x72
 438 0317 04       		.uleb128 0x4
 439 0318 B6040000 		.4byte	.LASF125
 440 031c 73       		.byte	0x73
 441 031d 04       		.uleb128 0x4
 442 031e D3130000 		.4byte	.LASF126
 443 0322 74       		.byte	0x74
 444 0323 04       		.uleb128 0x4
 445 0324 C50B0000 		.4byte	.LASF127
 446 0328 75       		.byte	0x75
 447 0329 04       		.uleb128 0x4
 448 032a 15110000 		.4byte	.LASF128
 449 032e 76       		.byte	0x76
 450 032f 04       		.uleb128 0x4
 451 0330 9C020000 		.4byte	.LASF129
 452 0334 77       		.byte	0x77
 453 0335 04       		.uleb128 0x4
 454 0336 7A120000 		.4byte	.LASF130
 455 033a 78       		.byte	0x78
 456 033b 04       		.uleb128 0x4
ARM GAS  C:\Users\jadeh\AppData\Local\Temp\ccXfYkwJ.s 			page 9


 457 033c 81020000 		.4byte	.LASF131
 458 0340 79       		.byte	0x79
 459 0341 04       		.uleb128 0x4
 460 0342 C9150000 		.4byte	.LASF132
 461 0346 7A       		.byte	0x7a
 462 0347 04       		.uleb128 0x4
 463 0348 590D0000 		.4byte	.LASF133
 464 034c 7B       		.byte	0x7b
 465 034d 04       		.uleb128 0x4
 466 034e D1040000 		.4byte	.LASF134
 467 0352 7C       		.byte	0x7c
 468 0353 04       		.uleb128 0x4
 469 0354 23140000 		.4byte	.LASF135
 470 0358 7D       		.byte	0x7d
 471 0359 04       		.uleb128 0x4
 472 035a CE080000 		.4byte	.LASF136
 473 035e 7E       		.byte	0x7e
 474 035f 04       		.uleb128 0x4
 475 0360 0C100000 		.4byte	.LASF137
 476 0364 7F       		.byte	0x7f
 477 0365 04       		.uleb128 0x4
 478 0366 B50F0000 		.4byte	.LASF138
 479 036a 80       		.byte	0x80
 480 036b 04       		.uleb128 0x4
 481 036c 75040000 		.4byte	.LASF139
 482 0370 81       		.byte	0x81
 483 0371 04       		.uleb128 0x4
 484 0372 B5130000 		.4byte	.LASF140
 485 0376 82       		.byte	0x82
 486 0377 04       		.uleb128 0x4
 487 0378 7F0B0000 		.4byte	.LASF141
 488 037c 83       		.byte	0x83
 489 037d 04       		.uleb128 0x4
 490 037e 62000000 		.4byte	.LASF142
 491 0382 84       		.byte	0x84
 492 0383 04       		.uleb128 0x4
 493 0384 E6070000 		.4byte	.LASF143
 494 0388 85       		.byte	0x85
 495 0389 04       		.uleb128 0x4
 496 038a D4120000 		.4byte	.LASF144
 497 038e 86       		.byte	0x86
 498 038f 04       		.uleb128 0x4
 499 0390 A60B0000 		.4byte	.LASF145
 500 0394 87       		.byte	0x87
 501 0395 04       		.uleb128 0x4
 502 0396 B7020000 		.4byte	.LASF146
 503 039a 88       		.byte	0x88
 504 039b 04       		.uleb128 0x4
 505 039c 44050000 		.4byte	.LASF147
 506 03a0 89       		.byte	0x89
 507 03a1 04       		.uleb128 0x4
 508 03a2 B1150000 		.4byte	.LASF148
 509 03a6 8A       		.byte	0x8a
 510 03a7 04       		.uleb128 0x4
 511 03a8 77080000 		.4byte	.LASF149
 512 03ac 8B       		.byte	0x8b
 513 03ad 04       		.uleb128 0x4
ARM GAS  C:\Users\jadeh\AppData\Local\Temp\ccXfYkwJ.s 			page 10


 514 03ae E4080000 		.4byte	.LASF150
 515 03b2 8C       		.byte	0x8c
 516 03b3 04       		.uleb128 0x4
 517 03b4 4F070000 		.4byte	.LASF151
 518 03b8 8D       		.byte	0x8d
 519 03b9 04       		.uleb128 0x4
 520 03ba EC110000 		.4byte	.LASF152
 521 03be 8E       		.byte	0x8e
 522 03bf 04       		.uleb128 0x4
 523 03c0 7B0D0000 		.4byte	.LASF153
 524 03c4 8F       		.byte	0x8f
 525 03c5 04       		.uleb128 0x4
 526 03c6 30060000 		.4byte	.LASF154
 527 03ca 90       		.byte	0x90
 528 03cb 04       		.uleb128 0x4
 529 03cc 1A0B0000 		.4byte	.LASF155
 530 03d0 91       		.byte	0x91
 531 03d1 04       		.uleb128 0x4
 532 03d2 9B080000 		.4byte	.LASF156
 533 03d6 92       		.byte	0x92
 534 03d7 04       		.uleb128 0x4
 535 03d8 860A0000 		.4byte	.LASF157
 536 03dc F0       		.byte	0xf0
 537 03dd 00       		.byte	0
 538 03de 05       		.uleb128 0x5
 539 03df 02       		.byte	0x2
 540 03e0 05       		.byte	0x5
 541 03e1 77020000 		.4byte	.LASF158
 542 03e5 06       		.uleb128 0x6
 543 03e6 D1070000 		.4byte	.LASF160
 544 03ea 01       		.byte	0x1
 545 03eb F4       		.byte	0xf4
 546 03ec 1D000000 		.4byte	0x1d
 547 03f0 05       		.uleb128 0x5
 548 03f1 01       		.byte	0x1
 549 03f2 06       		.byte	0x6
 550 03f3 A5150000 		.4byte	.LASF159
 551 03f7 06       		.uleb128 0x6
 552 03f8 36150000 		.4byte	.LASF161
 553 03fc 02       		.byte	0x2
 554 03fd 1D       		.byte	0x1d
 555 03fe 02040000 		.4byte	0x402
 556 0402 05       		.uleb128 0x5
 557 0403 01       		.byte	0x1
 558 0404 08       		.byte	0x8
 559 0405 39140000 		.4byte	.LASF162
 560 0409 06       		.uleb128 0x6
 561 040a 050D0000 		.4byte	.LASF163
 562 040e 02       		.byte	0x2
 563 040f 29       		.byte	0x29
 564 0410 DE030000 		.4byte	0x3de
 565 0414 06       		.uleb128 0x6
 566 0415 F6060000 		.4byte	.LASF164
 567 0419 02       		.byte	0x2
 568 041a 2B       		.byte	0x2b
 569 041b 1F040000 		.4byte	0x41f
 570 041f 05       		.uleb128 0x5
ARM GAS  C:\Users\jadeh\AppData\Local\Temp\ccXfYkwJ.s 			page 11


 571 0420 02       		.byte	0x2
 572 0421 07       		.byte	0x7
 573 0422 380F0000 		.4byte	.LASF165
 574 0426 06       		.uleb128 0x6
 575 0427 C6010000 		.4byte	.LASF166
 576 042b 02       		.byte	0x2
 577 042c 3F       		.byte	0x3f
 578 042d 31040000 		.4byte	0x431
 579 0431 05       		.uleb128 0x5
 580 0432 04       		.byte	0x4
 581 0433 05       		.byte	0x5
 582 0434 B5100000 		.4byte	.LASF167
 583 0438 06       		.uleb128 0x6
 584 0439 74140000 		.4byte	.LASF168
 585 043d 02       		.byte	0x2
 586 043e 41       		.byte	0x41
 587 043f 43040000 		.4byte	0x443
 588 0443 05       		.uleb128 0x5
 589 0444 04       		.byte	0x4
 590 0445 07       		.byte	0x7
 591 0446 2F130000 		.4byte	.LASF169
 592 044a 05       		.uleb128 0x5
 593 044b 08       		.byte	0x8
 594 044c 05       		.byte	0x5
 595 044d 6D0C0000 		.4byte	.LASF170
 596 0451 05       		.uleb128 0x5
 597 0452 08       		.byte	0x8
 598 0453 07       		.byte	0x7
 599 0454 57060000 		.4byte	.LASF171
 600 0458 07       		.uleb128 0x7
 601 0459 04       		.byte	0x4
 602 045a 05       		.byte	0x5
 603 045b 696E7400 		.ascii	"int\000"
 604 045f 05       		.uleb128 0x5
 605 0460 04       		.byte	0x4
 606 0461 07       		.byte	0x7
 607 0462 5E010000 		.4byte	.LASF172
 608 0466 06       		.uleb128 0x6
 609 0467 BD0B0000 		.4byte	.LASF173
 610 046b 03       		.byte	0x3
 611 046c 18       		.byte	0x18
 612 046d F7030000 		.4byte	0x3f7
 613 0471 06       		.uleb128 0x6
 614 0472 42040000 		.4byte	.LASF174
 615 0476 03       		.byte	0x3
 616 0477 20       		.byte	0x20
 617 0478 09040000 		.4byte	0x409
 618 047c 06       		.uleb128 0x6
 619 047d 570F0000 		.4byte	.LASF175
 620 0481 03       		.byte	0x3
 621 0482 24       		.byte	0x24
 622 0483 14040000 		.4byte	0x414
 623 0487 06       		.uleb128 0x6
 624 0488 83130000 		.4byte	.LASF176
 625 048c 03       		.byte	0x3
 626 048d 2C       		.byte	0x2c
 627 048e 26040000 		.4byte	0x426
ARM GAS  C:\Users\jadeh\AppData\Local\Temp\ccXfYkwJ.s 			page 12


 628 0492 06       		.uleb128 0x6
 629 0493 E7040000 		.4byte	.LASF177
 630 0497 03       		.byte	0x3
 631 0498 30       		.byte	0x30
 632 0499 38040000 		.4byte	0x438
 633 049d 05       		.uleb128 0x5
 634 049e 04       		.byte	0x4
 635 049f 07       		.byte	0x7
 636 04a0 22100000 		.4byte	.LASF178
 637 04a4 05       		.uleb128 0x5
 638 04a5 08       		.byte	0x8
 639 04a6 04       		.byte	0x4
 640 04a7 4B0F0000 		.4byte	.LASF179
 641 04ab 08       		.uleb128 0x8
 642 04ac B8       		.byte	0xb8
 643 04ad 04       		.byte	0x4
 644 04ae 34       		.byte	0x34
 645 04af BC080000 		.4byte	0x8bc
 646 04b3 09       		.uleb128 0x9
 647 04b4 F8010000 		.4byte	.LASF180
 648 04b8 04       		.byte	0x4
 649 04b9 37       		.byte	0x37
 650 04ba 92040000 		.4byte	0x492
 651 04be 00       		.byte	0
 652 04bf 09       		.uleb128 0x9
 653 04c0 D9050000 		.4byte	.LASF181
 654 04c4 04       		.byte	0x4
 655 04c5 38       		.byte	0x38
 656 04c6 92040000 		.4byte	0x492
 657 04ca 04       		.byte	0x4
 658 04cb 09       		.uleb128 0x9
 659 04cc 1B010000 		.4byte	.LASF182
 660 04d0 04       		.byte	0x4
 661 04d1 39       		.byte	0x39
 662 04d2 92040000 		.4byte	0x492
 663 04d6 08       		.byte	0x8
 664 04d7 09       		.uleb128 0x9
 665 04d8 CB130000 		.4byte	.LASF183
 666 04dc 04       		.byte	0x4
 667 04dd 3A       		.byte	0x3a
 668 04de 92040000 		.4byte	0x492
 669 04e2 0C       		.byte	0xc
 670 04e3 09       		.uleb128 0x9
 671 04e4 600F0000 		.4byte	.LASF184
 672 04e8 04       		.byte	0x4
 673 04e9 3B       		.byte	0x3b
 674 04ea 92040000 		.4byte	0x492
 675 04ee 10       		.byte	0x10
 676 04ef 09       		.uleb128 0x9
 677 04f0 1B0D0000 		.4byte	.LASF185
 678 04f4 04       		.byte	0x4
 679 04f5 3C       		.byte	0x3c
 680 04f6 92040000 		.4byte	0x492
 681 04fa 14       		.byte	0x14
 682 04fb 09       		.uleb128 0x9
 683 04fc 92080000 		.4byte	.LASF186
 684 0500 04       		.byte	0x4
ARM GAS  C:\Users\jadeh\AppData\Local\Temp\ccXfYkwJ.s 			page 13


 685 0501 3D       		.byte	0x3d
 686 0502 92040000 		.4byte	0x492
 687 0506 18       		.byte	0x18
 688 0507 09       		.uleb128 0x9
 689 0508 87160000 		.4byte	.LASF187
 690 050c 04       		.byte	0x4
 691 050d 3E       		.byte	0x3e
 692 050e 92040000 		.4byte	0x492
 693 0512 1C       		.byte	0x1c
 694 0513 09       		.uleb128 0x9
 695 0514 7B0C0000 		.4byte	.LASF188
 696 0518 04       		.byte	0x4
 697 0519 3F       		.byte	0x3f
 698 051a 92040000 		.4byte	0x492
 699 051e 20       		.byte	0x20
 700 051f 09       		.uleb128 0x9
 701 0520 920C0000 		.4byte	.LASF189
 702 0524 04       		.byte	0x4
 703 0525 40       		.byte	0x40
 704 0526 92040000 		.4byte	0x492
 705 052a 24       		.byte	0x24
 706 052b 09       		.uleb128 0x9
 707 052c DB100000 		.4byte	.LASF190
 708 0530 04       		.byte	0x4
 709 0531 43       		.byte	0x43
 710 0532 66040000 		.4byte	0x466
 711 0536 28       		.byte	0x28
 712 0537 09       		.uleb128 0x9
 713 0538 95050000 		.4byte	.LASF191
 714 053c 04       		.byte	0x4
 715 053d 44       		.byte	0x44
 716 053e 66040000 		.4byte	0x466
 717 0542 29       		.byte	0x29
 718 0543 09       		.uleb128 0x9
 719 0544 CB0F0000 		.4byte	.LASF192
 720 0548 04       		.byte	0x4
 721 0549 45       		.byte	0x45
 722 054a 66040000 		.4byte	0x466
 723 054e 2A       		.byte	0x2a
 724 054f 09       		.uleb128 0x9
 725 0550 30110000 		.4byte	.LASF193
 726 0554 04       		.byte	0x4
 727 0555 46       		.byte	0x46
 728 0556 66040000 		.4byte	0x466
 729 055a 2B       		.byte	0x2b
 730 055b 09       		.uleb128 0x9
 731 055c F5100000 		.4byte	.LASF194
 732 0560 04       		.byte	0x4
 733 0561 47       		.byte	0x47
 734 0562 66040000 		.4byte	0x466
 735 0566 2C       		.byte	0x2c
 736 0567 09       		.uleb128 0x9
 737 0568 F8120000 		.4byte	.LASF195
 738 056c 04       		.byte	0x4
 739 056d 48       		.byte	0x48
 740 056e 66040000 		.4byte	0x466
 741 0572 2D       		.byte	0x2d
ARM GAS  C:\Users\jadeh\AppData\Local\Temp\ccXfYkwJ.s 			page 14


 742 0573 09       		.uleb128 0x9
 743 0574 5D170000 		.4byte	.LASF196
 744 0578 04       		.byte	0x4
 745 0579 49       		.byte	0x49
 746 057a 66040000 		.4byte	0x466
 747 057e 2E       		.byte	0x2e
 748 057f 09       		.uleb128 0x9
 749 0580 56160000 		.4byte	.LASF197
 750 0584 04       		.byte	0x4
 751 0585 4A       		.byte	0x4a
 752 0586 66040000 		.4byte	0x466
 753 058a 2F       		.byte	0x2f
 754 058b 09       		.uleb128 0x9
 755 058c 1C040000 		.4byte	.LASF198
 756 0590 04       		.byte	0x4
 757 0591 4B       		.byte	0x4b
 758 0592 66040000 		.4byte	0x466
 759 0596 30       		.byte	0x30
 760 0597 09       		.uleb128 0x9
 761 0598 DD0D0000 		.4byte	.LASF199
 762 059c 04       		.byte	0x4
 763 059d 4E       		.byte	0x4e
 764 059e 66040000 		.4byte	0x466
 765 05a2 31       		.byte	0x31
 766 05a3 09       		.uleb128 0x9
 767 05a4 DF150000 		.4byte	.LASF200
 768 05a8 04       		.byte	0x4
 769 05a9 4F       		.byte	0x4f
 770 05aa 66040000 		.4byte	0x466
 771 05ae 32       		.byte	0x32
 772 05af 09       		.uleb128 0x9
 773 05b0 6F0D0000 		.4byte	.LASF201
 774 05b4 04       		.byte	0x4
 775 05b5 50       		.byte	0x50
 776 05b6 66040000 		.4byte	0x466
 777 05ba 33       		.byte	0x33
 778 05bb 09       		.uleb128 0x9
 779 05bc 0B0A0000 		.4byte	.LASF202
 780 05c0 04       		.byte	0x4
 781 05c1 51       		.byte	0x51
 782 05c2 66040000 		.4byte	0x466
 783 05c6 34       		.byte	0x34
 784 05c7 09       		.uleb128 0x9
 785 05c8 B4060000 		.4byte	.LASF203
 786 05cc 04       		.byte	0x4
 787 05cd 52       		.byte	0x52
 788 05ce 71040000 		.4byte	0x471
 789 05d2 36       		.byte	0x36
 790 05d3 09       		.uleb128 0x9
 791 05d4 02020000 		.4byte	.LASF204
 792 05d8 04       		.byte	0x4
 793 05d9 53       		.byte	0x53
 794 05da 71040000 		.4byte	0x471
 795 05de 38       		.byte	0x38
 796 05df 09       		.uleb128 0x9
 797 05e0 45020000 		.4byte	.LASF205
 798 05e4 04       		.byte	0x4
ARM GAS  C:\Users\jadeh\AppData\Local\Temp\ccXfYkwJ.s 			page 15


 799 05e5 54       		.byte	0x54
 800 05e6 71040000 		.4byte	0x471
 801 05ea 3A       		.byte	0x3a
 802 05eb 09       		.uleb128 0x9
 803 05ec E9010000 		.4byte	.LASF206
 804 05f0 04       		.byte	0x4
 805 05f1 55       		.byte	0x55
 806 05f2 66040000 		.4byte	0x466
 807 05f6 3C       		.byte	0x3c
 808 05f7 09       		.uleb128 0x9
 809 05f8 DB070000 		.4byte	.LASF207
 810 05fc 04       		.byte	0x4
 811 05fd 56       		.byte	0x56
 812 05fe 66040000 		.4byte	0x466
 813 0602 3D       		.byte	0x3d
 814 0603 09       		.uleb128 0x9
 815 0604 55080000 		.4byte	.LASF208
 816 0608 04       		.byte	0x4
 817 0609 57       		.byte	0x57
 818 060a 66040000 		.4byte	0x466
 819 060e 3E       		.byte	0x3e
 820 060f 09       		.uleb128 0x9
 821 0610 0F0D0000 		.4byte	.LASF209
 822 0614 04       		.byte	0x4
 823 0615 58       		.byte	0x58
 824 0616 66040000 		.4byte	0x466
 825 061a 3F       		.byte	0x3f
 826 061b 09       		.uleb128 0x9
 827 061c 88010000 		.4byte	.LASF210
 828 0620 04       		.byte	0x4
 829 0621 59       		.byte	0x59
 830 0622 66040000 		.4byte	0x466
 831 0626 40       		.byte	0x40
 832 0627 09       		.uleb128 0x9
 833 0628 4E120000 		.4byte	.LASF211
 834 062c 04       		.byte	0x4
 835 062d 5A       		.byte	0x5a
 836 062e 66040000 		.4byte	0x466
 837 0632 41       		.byte	0x41
 838 0633 09       		.uleb128 0x9
 839 0634 8A150000 		.4byte	.LASF212
 840 0638 04       		.byte	0x4
 841 0639 5B       		.byte	0x5b
 842 063a 66040000 		.4byte	0x466
 843 063e 42       		.byte	0x42
 844 063f 09       		.uleb128 0x9
 845 0640 69090000 		.4byte	.LASF213
 846 0644 04       		.byte	0x4
 847 0645 5C       		.byte	0x5c
 848 0646 66040000 		.4byte	0x466
 849 064a 43       		.byte	0x43
 850 064b 09       		.uleb128 0x9
 851 064c B30A0000 		.4byte	.LASF214
 852 0650 04       		.byte	0x4
 853 0651 5D       		.byte	0x5d
 854 0652 66040000 		.4byte	0x466
 855 0656 44       		.byte	0x44
ARM GAS  C:\Users\jadeh\AppData\Local\Temp\ccXfYkwJ.s 			page 16


 856 0657 09       		.uleb128 0x9
 857 0658 3E110000 		.4byte	.LASF215
 858 065c 04       		.byte	0x4
 859 065d 5E       		.byte	0x5e
 860 065e 92040000 		.4byte	0x492
 861 0662 48       		.byte	0x48
 862 0663 09       		.uleb128 0x9
 863 0664 0B030000 		.4byte	.LASF216
 864 0668 04       		.byte	0x4
 865 0669 5F       		.byte	0x5f
 866 066a 92040000 		.4byte	0x492
 867 066e 4C       		.byte	0x4c
 868 066f 09       		.uleb128 0x9
 869 0670 68150000 		.4byte	.LASF217
 870 0674 04       		.byte	0x4
 871 0675 60       		.byte	0x60
 872 0676 66040000 		.4byte	0x466
 873 067a 50       		.byte	0x50
 874 067b 09       		.uleb128 0x9
 875 067c 33080000 		.4byte	.LASF218
 876 0680 04       		.byte	0x4
 877 0681 61       		.byte	0x61
 878 0682 66040000 		.4byte	0x466
 879 0686 51       		.byte	0x51
 880 0687 09       		.uleb128 0x9
 881 0688 47060000 		.4byte	.LASF219
 882 068c 04       		.byte	0x4
 883 068d 62       		.byte	0x62
 884 068e 66040000 		.4byte	0x466
 885 0692 52       		.byte	0x52
 886 0693 09       		.uleb128 0x9
 887 0694 A3050000 		.4byte	.LASF220
 888 0698 04       		.byte	0x4
 889 0699 63       		.byte	0x63
 890 069a 66040000 		.4byte	0x466
 891 069e 53       		.byte	0x53
 892 069f 09       		.uleb128 0x9
 893 06a0 CA140000 		.4byte	.LASF221
 894 06a4 04       		.byte	0x4
 895 06a5 64       		.byte	0x64
 896 06a6 66040000 		.4byte	0x466
 897 06aa 54       		.byte	0x54
 898 06ab 09       		.uleb128 0x9
 899 06ac 63080000 		.4byte	.LASF222
 900 06b0 04       		.byte	0x4
 901 06b1 65       		.byte	0x65
 902 06b2 66040000 		.4byte	0x466
 903 06b6 55       		.byte	0x55
 904 06b7 09       		.uleb128 0x9
 905 06b8 00000000 		.4byte	.LASF223
 906 06bc 04       		.byte	0x4
 907 06bd 66       		.byte	0x66
 908 06be 66040000 		.4byte	0x466
 909 06c2 56       		.byte	0x56
 910 06c3 09       		.uleb128 0x9
 911 06c4 90160000 		.4byte	.LASF224
 912 06c8 04       		.byte	0x4
ARM GAS  C:\Users\jadeh\AppData\Local\Temp\ccXfYkwJ.s 			page 17


 913 06c9 67       		.byte	0x67
 914 06ca 66040000 		.4byte	0x466
 915 06ce 57       		.byte	0x57
 916 06cf 09       		.uleb128 0x9
 917 06d0 BD070000 		.4byte	.LASF225
 918 06d4 04       		.byte	0x4
 919 06d5 68       		.byte	0x68
 920 06d6 66040000 		.4byte	0x466
 921 06da 58       		.byte	0x58
 922 06db 09       		.uleb128 0x9
 923 06dc DD160000 		.4byte	.LASF226
 924 06e0 04       		.byte	0x4
 925 06e1 69       		.byte	0x69
 926 06e2 66040000 		.4byte	0x466
 927 06e6 59       		.byte	0x59
 928 06e7 09       		.uleb128 0x9
 929 06e8 F6140000 		.4byte	.LASF227
 930 06ec 04       		.byte	0x4
 931 06ed 6E       		.byte	0x6e
 932 06ee 7C040000 		.4byte	0x47c
 933 06f2 5A       		.byte	0x5a
 934 06f3 09       		.uleb128 0x9
 935 06f4 55010000 		.4byte	.LASF228
 936 06f8 04       		.byte	0x4
 937 06f9 6F       		.byte	0x6f
 938 06fa 7C040000 		.4byte	0x47c
 939 06fe 5C       		.byte	0x5c
 940 06ff 09       		.uleb128 0x9
 941 0700 830C0000 		.4byte	.LASF229
 942 0704 04       		.byte	0x4
 943 0705 70       		.byte	0x70
 944 0706 66040000 		.4byte	0x466
 945 070a 5E       		.byte	0x5e
 946 070b 09       		.uleb128 0x9
 947 070c ED150000 		.4byte	.LASF230
 948 0710 04       		.byte	0x4
 949 0711 71       		.byte	0x71
 950 0712 66040000 		.4byte	0x466
 951 0716 5F       		.byte	0x5f
 952 0717 09       		.uleb128 0x9
 953 0718 74090000 		.4byte	.LASF231
 954 071c 04       		.byte	0x4
 955 071d 72       		.byte	0x72
 956 071e 66040000 		.4byte	0x466
 957 0722 60       		.byte	0x60
 958 0723 09       		.uleb128 0x9
 959 0724 950B0000 		.4byte	.LASF232
 960 0728 04       		.byte	0x4
 961 0729 73       		.byte	0x73
 962 072a 92040000 		.4byte	0x492
 963 072e 64       		.byte	0x64
 964 072f 09       		.uleb128 0x9
 965 0730 45080000 		.4byte	.LASF233
 966 0734 04       		.byte	0x4
 967 0735 76       		.byte	0x76
 968 0736 7C040000 		.4byte	0x47c
 969 073a 68       		.byte	0x68
ARM GAS  C:\Users\jadeh\AppData\Local\Temp\ccXfYkwJ.s 			page 18


 970 073b 09       		.uleb128 0x9
 971 073c 690F0000 		.4byte	.LASF234
 972 0740 04       		.byte	0x4
 973 0741 77       		.byte	0x77
 974 0742 7C040000 		.4byte	0x47c
 975 0746 6A       		.byte	0x6a
 976 0747 09       		.uleb128 0x9
 977 0748 4A0D0000 		.4byte	.LASF235
 978 074c 04       		.byte	0x4
 979 074d 78       		.byte	0x78
 980 074e 7C040000 		.4byte	0x47c
 981 0752 6C       		.byte	0x6c
 982 0753 09       		.uleb128 0x9
 983 0754 CE020000 		.4byte	.LASF236
 984 0758 04       		.byte	0x4
 985 0759 79       		.byte	0x79
 986 075a 7C040000 		.4byte	0x47c
 987 075e 6E       		.byte	0x6e
 988 075f 09       		.uleb128 0x9
 989 0760 E80B0000 		.4byte	.LASF237
 990 0764 04       		.byte	0x4
 991 0765 7B       		.byte	0x7b
 992 0766 66040000 		.4byte	0x466
 993 076a 70       		.byte	0x70
 994 076b 09       		.uleb128 0x9
 995 076c 4A040000 		.4byte	.LASF238
 996 0770 04       		.byte	0x4
 997 0771 7C       		.byte	0x7c
 998 0772 66040000 		.4byte	0x466
 999 0776 71       		.byte	0x71
 1000 0777 09       		.uleb128 0x9
 1001 0778 F5020000 		.4byte	.LASF239
 1002 077c 04       		.byte	0x4
 1003 077d 7D       		.byte	0x7d
 1004 077e 66040000 		.4byte	0x466
 1005 0782 72       		.byte	0x72
 1006 0783 09       		.uleb128 0x9
 1007 0784 95010000 		.4byte	.LASF240
 1008 0788 04       		.byte	0x4
 1009 0789 7E       		.byte	0x7e
 1010 078a 66040000 		.4byte	0x466
 1011 078e 73       		.byte	0x73
 1012 078f 09       		.uleb128 0x9
 1013 0790 55100000 		.4byte	.LASF241
 1014 0794 04       		.byte	0x4
 1015 0795 80       		.byte	0x80
 1016 0796 7C040000 		.4byte	0x47c
 1017 079a 74       		.byte	0x74
 1018 079b 09       		.uleb128 0x9
 1019 079c 0B0F0000 		.4byte	.LASF242
 1020 07a0 04       		.byte	0x4
 1021 07a1 81       		.byte	0x81
 1022 07a2 7C040000 		.4byte	0x47c
 1023 07a6 76       		.byte	0x76
 1024 07a7 09       		.uleb128 0x9
 1025 07a8 710A0000 		.4byte	.LASF243
 1026 07ac 04       		.byte	0x4
ARM GAS  C:\Users\jadeh\AppData\Local\Temp\ccXfYkwJ.s 			page 19


 1027 07ad 82       		.byte	0x82
 1028 07ae 7C040000 		.4byte	0x47c
 1029 07b2 78       		.byte	0x78
 1030 07b3 09       		.uleb128 0x9
 1031 07b4 6E060000 		.4byte	.LASF244
 1032 07b8 04       		.byte	0x4
 1033 07b9 83       		.byte	0x83
 1034 07ba 7C040000 		.4byte	0x47c
 1035 07be 7A       		.byte	0x7a
 1036 07bf 09       		.uleb128 0x9
 1037 07c0 180C0000 		.4byte	.LASF245
 1038 07c4 04       		.byte	0x4
 1039 07c5 86       		.byte	0x86
 1040 07c6 66040000 		.4byte	0x466
 1041 07ca 7C       		.byte	0x7c
 1042 07cb 09       		.uleb128 0x9
 1043 07cc 79150000 		.4byte	.LASF246
 1044 07d0 04       		.byte	0x4
 1045 07d1 87       		.byte	0x87
 1046 07d2 66040000 		.4byte	0x466
 1047 07d6 7D       		.byte	0x7d
 1048 07d7 09       		.uleb128 0x9
 1049 07d8 00060000 		.4byte	.LASF247
 1050 07dc 04       		.byte	0x4
 1051 07dd 88       		.byte	0x88
 1052 07de 66040000 		.4byte	0x466
 1053 07e2 7E       		.byte	0x7e
 1054 07e3 09       		.uleb128 0x9
 1055 07e4 5B050000 		.4byte	.LASF248
 1056 07e8 04       		.byte	0x4
 1057 07e9 89       		.byte	0x89
 1058 07ea 66040000 		.4byte	0x466
 1059 07ee 7F       		.byte	0x7f
 1060 07ef 09       		.uleb128 0x9
 1061 07f0 83060000 		.4byte	.LASF249
 1062 07f4 04       		.byte	0x4
 1063 07f5 8A       		.byte	0x8a
 1064 07f6 66040000 		.4byte	0x466
 1065 07fa 80       		.byte	0x80
 1066 07fb 09       		.uleb128 0x9
 1067 07fc 79000000 		.4byte	.LASF250
 1068 0800 04       		.byte	0x4
 1069 0801 8D       		.byte	0x8d
 1070 0802 92040000 		.4byte	0x492
 1071 0806 84       		.byte	0x84
 1072 0807 09       		.uleb128 0x9
 1073 0808 330D0000 		.4byte	.LASF251
 1074 080c 04       		.byte	0x4
 1075 080d 8E       		.byte	0x8e
 1076 080e 92040000 		.4byte	0x492
 1077 0812 88       		.byte	0x88
 1078 0813 09       		.uleb128 0x9
 1079 0814 E80D0000 		.4byte	.LASF252
 1080 0818 04       		.byte	0x4
 1081 0819 8F       		.byte	0x8f
 1082 081a 92040000 		.4byte	0x492
 1083 081e 8C       		.byte	0x8c
ARM GAS  C:\Users\jadeh\AppData\Local\Temp\ccXfYkwJ.s 			page 20


 1084 081f 09       		.uleb128 0x9
 1085 0820 40100000 		.4byte	.LASF253
 1086 0824 04       		.byte	0x4
 1087 0825 90       		.byte	0x90
 1088 0826 92040000 		.4byte	0x492
 1089 082a 90       		.byte	0x90
 1090 082b 09       		.uleb128 0x9
 1091 082c D7110000 		.4byte	.LASF254
 1092 0830 04       		.byte	0x4
 1093 0831 91       		.byte	0x91
 1094 0832 92040000 		.4byte	0x492
 1095 0836 94       		.byte	0x94
 1096 0837 09       		.uleb128 0x9
 1097 0838 5F040000 		.4byte	.LASF255
 1098 083c 04       		.byte	0x4
 1099 083d 92       		.byte	0x92
 1100 083e 92040000 		.4byte	0x492
 1101 0842 98       		.byte	0x98
 1102 0843 09       		.uleb128 0x9
 1103 0844 B1120000 		.4byte	.LASF256
 1104 0848 04       		.byte	0x4
 1105 0849 93       		.byte	0x93
 1106 084a 92040000 		.4byte	0x492
 1107 084e 9C       		.byte	0x9c
 1108 084f 09       		.uleb128 0x9
 1109 0850 53090000 		.4byte	.LASF257
 1110 0854 04       		.byte	0x4
 1111 0855 94       		.byte	0x94
 1112 0856 92040000 		.4byte	0x492
 1113 085a A0       		.byte	0xa0
 1114 085b 09       		.uleb128 0x9
 1115 085c 40010000 		.4byte	.LASF258
 1116 0860 04       		.byte	0x4
 1117 0861 95       		.byte	0x95
 1118 0862 7C040000 		.4byte	0x47c
 1119 0866 A4       		.byte	0xa4
 1120 0867 09       		.uleb128 0x9
 1121 0868 2B100000 		.4byte	.LASF259
 1122 086c 04       		.byte	0x4
 1123 086d 96       		.byte	0x96
 1124 086e 7C040000 		.4byte	0x47c
 1125 0872 A6       		.byte	0xa6
 1126 0873 09       		.uleb128 0x9
 1127 0874 5B130000 		.4byte	.LASF260
 1128 0878 04       		.byte	0x4
 1129 0879 97       		.byte	0x97
 1130 087a 7C040000 		.4byte	0x47c
 1131 087e A8       		.byte	0xa8
 1132 087f 09       		.uleb128 0x9
 1133 0880 5F0C0000 		.4byte	.LASF261
 1134 0884 04       		.byte	0x4
 1135 0885 98       		.byte	0x98
 1136 0886 7C040000 		.4byte	0x47c
 1137 088a AA       		.byte	0xaa
 1138 088b 09       		.uleb128 0x9
 1139 088c 19030000 		.4byte	.LASF262
 1140 0890 04       		.byte	0x4
ARM GAS  C:\Users\jadeh\AppData\Local\Temp\ccXfYkwJ.s 			page 21


 1141 0891 99       		.byte	0x99
 1142 0892 7C040000 		.4byte	0x47c
 1143 0896 AC       		.byte	0xac
 1144 0897 09       		.uleb128 0x9
 1145 0898 710E0000 		.4byte	.LASF263
 1146 089c 04       		.byte	0x4
 1147 089d 9A       		.byte	0x9a
 1148 089e 7C040000 		.4byte	0x47c
 1149 08a2 AE       		.byte	0xae
 1150 08a3 09       		.uleb128 0x9
 1151 08a4 21130000 		.4byte	.LASF264
 1152 08a8 04       		.byte	0x4
 1153 08a9 9D       		.byte	0x9d
 1154 08aa 7C040000 		.4byte	0x47c
 1155 08ae B0       		.byte	0xb0
 1156 08af 09       		.uleb128 0x9
 1157 08b0 7F140000 		.4byte	.LASF265
 1158 08b4 04       		.byte	0x4
 1159 08b5 9E       		.byte	0x9e
 1160 08b6 92040000 		.4byte	0x492
 1161 08ba B4       		.byte	0xb4
 1162 08bb 00       		.byte	0
 1163 08bc 06       		.uleb128 0x6
 1164 08bd 8B130000 		.4byte	.LASF266
 1165 08c1 04       		.byte	0x4
 1166 08c2 9F       		.byte	0x9f
 1167 08c3 AB040000 		.4byte	0x4ab
 1168 08c7 05       		.uleb128 0x5
 1169 08c8 01       		.byte	0x1
 1170 08c9 08       		.byte	0x8
 1171 08ca AC000000 		.4byte	.LASF267
 1172 08ce 05       		.uleb128 0x5
 1173 08cf 04       		.byte	0x4
 1174 08d0 04       		.byte	0x4
 1175 08d1 8F050000 		.4byte	.LASF268
 1176 08d5 05       		.uleb128 0x5
 1177 08d6 08       		.byte	0x8
 1178 08d7 04       		.byte	0x4
 1179 08d8 80160000 		.4byte	.LASF269
 1180 08dc 0A       		.uleb128 0xa
 1181 08dd 08       		.byte	0x8
 1182 08de 05       		.byte	0x5
 1183 08df 2D01     		.2byte	0x12d
 1184 08e1 00090000 		.4byte	0x900
 1185 08e5 0B       		.uleb128 0xb
 1186 08e6 E00B0000 		.4byte	.LASF270
 1187 08ea 05       		.byte	0x5
 1188 08eb 2E01     		.2byte	0x12e
 1189 08ed E5030000 		.4byte	0x3e5
 1190 08f1 00       		.byte	0
 1191 08f2 0B       		.uleb128 0xb
 1192 08f3 C7120000 		.4byte	.LASF271
 1193 08f7 05       		.byte	0x5
 1194 08f8 3201     		.2byte	0x132
 1195 08fa 92040000 		.4byte	0x492
 1196 08fe 04       		.byte	0x4
 1197 08ff 00       		.byte	0
ARM GAS  C:\Users\jadeh\AppData\Local\Temp\ccXfYkwJ.s 			page 22


 1198 0900 0C       		.uleb128 0xc
 1199 0901 14000000 		.4byte	.LASF272
 1200 0905 05       		.byte	0x5
 1201 0906 3301     		.2byte	0x133
 1202 0908 DC080000 		.4byte	0x8dc
 1203 090c 0D       		.uleb128 0xd
 1204 090d E8100000 		.4byte	.LASF273
 1205 0911 06       		.byte	0x6
 1206 0912 F907     		.2byte	0x7f9
 1207 0914 18090000 		.4byte	0x918
 1208 0918 0E       		.uleb128 0xe
 1209 0919 87040000 		.4byte	0x487
 1210 091d 0F       		.uleb128 0xf
 1211 091e 58000000 		.4byte	.LASF274
 1212 0922 04       		.byte	0x4
 1213 0923 A7       		.byte	0xa7
 1214 0924 28090000 		.4byte	0x928
 1215 0928 10       		.uleb128 0x10
 1216 0929 04       		.byte	0x4
 1217 092a 2E090000 		.4byte	0x92e
 1218 092e 11       		.uleb128 0x11
 1219 092f BC080000 		.4byte	0x8bc
 1220 0933 12       		.uleb128 0x12
 1221 0934 10140000 		.4byte	.LASF275
 1222 0938 07       		.byte	0x7
 1223 0939 18       		.byte	0x18
 1224 093a 44090000 		.4byte	0x944
 1225 093e 05       		.uleb128 0x5
 1226 093f 03       		.byte	0x3
 1227 0940 00000000 		.4byte	UART_1_SCB_IRQ_cfg
 1228 0944 11       		.uleb128 0x11
 1229 0945 00090000 		.4byte	0x900
 1230 0949 12       		.uleb128 0x12
 1231 094a CA050000 		.4byte	.LASF276
 1232 094e 07       		.byte	0x7
 1233 094f 1E       		.byte	0x1e
 1234 0950 44090000 		.4byte	0x944
 1235 0954 05       		.uleb128 0x5
 1236 0955 03       		.byte	0x3
 1237 0956 00000000 		.4byte	Bouton_ISR_cfg
 1238 095a 00       		.byte	0
 1239              		.section	.debug_abbrev,"",%progbits
 1240              	.Ldebug_abbrev0:
 1241 0000 01       		.uleb128 0x1
 1242 0001 11       		.uleb128 0x11
 1243 0002 01       		.byte	0x1
 1244 0003 25       		.uleb128 0x25
 1245 0004 0E       		.uleb128 0xe
 1246 0005 13       		.uleb128 0x13
 1247 0006 0B       		.uleb128 0xb
 1248 0007 03       		.uleb128 0x3
 1249 0008 0E       		.uleb128 0xe
 1250 0009 1B       		.uleb128 0x1b
 1251 000a 0E       		.uleb128 0xe
 1252 000b 10       		.uleb128 0x10
 1253 000c 17       		.uleb128 0x17
 1254 000d 00       		.byte	0
ARM GAS  C:\Users\jadeh\AppData\Local\Temp\ccXfYkwJ.s 			page 23


 1255 000e 00       		.byte	0
 1256 000f 02       		.uleb128 0x2
 1257 0010 04       		.uleb128 0x4
 1258 0011 01       		.byte	0x1
 1259 0012 0B       		.uleb128 0xb
 1260 0013 0B       		.uleb128 0xb
 1261 0014 49       		.uleb128 0x49
 1262 0015 13       		.uleb128 0x13
 1263 0016 3A       		.uleb128 0x3a
 1264 0017 0B       		.uleb128 0xb
 1265 0018 3B       		.uleb128 0x3b
 1266 0019 0B       		.uleb128 0xb
 1267 001a 01       		.uleb128 0x1
 1268 001b 13       		.uleb128 0x13
 1269 001c 00       		.byte	0
 1270 001d 00       		.byte	0
 1271 001e 03       		.uleb128 0x3
 1272 001f 28       		.uleb128 0x28
 1273 0020 00       		.byte	0
 1274 0021 03       		.uleb128 0x3
 1275 0022 0E       		.uleb128 0xe
 1276 0023 1C       		.uleb128 0x1c
 1277 0024 0D       		.uleb128 0xd
 1278 0025 00       		.byte	0
 1279 0026 00       		.byte	0
 1280 0027 04       		.uleb128 0x4
 1281 0028 28       		.uleb128 0x28
 1282 0029 00       		.byte	0
 1283 002a 03       		.uleb128 0x3
 1284 002b 0E       		.uleb128 0xe
 1285 002c 1C       		.uleb128 0x1c
 1286 002d 0B       		.uleb128 0xb
 1287 002e 00       		.byte	0
 1288 002f 00       		.byte	0
 1289 0030 05       		.uleb128 0x5
 1290 0031 24       		.uleb128 0x24
 1291 0032 00       		.byte	0
 1292 0033 0B       		.uleb128 0xb
 1293 0034 0B       		.uleb128 0xb
 1294 0035 3E       		.uleb128 0x3e
 1295 0036 0B       		.uleb128 0xb
 1296 0037 03       		.uleb128 0x3
 1297 0038 0E       		.uleb128 0xe
 1298 0039 00       		.byte	0
 1299 003a 00       		.byte	0
 1300 003b 06       		.uleb128 0x6
 1301 003c 16       		.uleb128 0x16
 1302 003d 00       		.byte	0
 1303 003e 03       		.uleb128 0x3
 1304 003f 0E       		.uleb128 0xe
 1305 0040 3A       		.uleb128 0x3a
 1306 0041 0B       		.uleb128 0xb
 1307 0042 3B       		.uleb128 0x3b
 1308 0043 0B       		.uleb128 0xb
 1309 0044 49       		.uleb128 0x49
 1310 0045 13       		.uleb128 0x13
 1311 0046 00       		.byte	0
ARM GAS  C:\Users\jadeh\AppData\Local\Temp\ccXfYkwJ.s 			page 24


 1312 0047 00       		.byte	0
 1313 0048 07       		.uleb128 0x7
 1314 0049 24       		.uleb128 0x24
 1315 004a 00       		.byte	0
 1316 004b 0B       		.uleb128 0xb
 1317 004c 0B       		.uleb128 0xb
 1318 004d 3E       		.uleb128 0x3e
 1319 004e 0B       		.uleb128 0xb
 1320 004f 03       		.uleb128 0x3
 1321 0050 08       		.uleb128 0x8
 1322 0051 00       		.byte	0
 1323 0052 00       		.byte	0
 1324 0053 08       		.uleb128 0x8
 1325 0054 13       		.uleb128 0x13
 1326 0055 01       		.byte	0x1
 1327 0056 0B       		.uleb128 0xb
 1328 0057 0B       		.uleb128 0xb
 1329 0058 3A       		.uleb128 0x3a
 1330 0059 0B       		.uleb128 0xb
 1331 005a 3B       		.uleb128 0x3b
 1332 005b 0B       		.uleb128 0xb
 1333 005c 01       		.uleb128 0x1
 1334 005d 13       		.uleb128 0x13
 1335 005e 00       		.byte	0
 1336 005f 00       		.byte	0
 1337 0060 09       		.uleb128 0x9
 1338 0061 0D       		.uleb128 0xd
 1339 0062 00       		.byte	0
 1340 0063 03       		.uleb128 0x3
 1341 0064 0E       		.uleb128 0xe
 1342 0065 3A       		.uleb128 0x3a
 1343 0066 0B       		.uleb128 0xb
 1344 0067 3B       		.uleb128 0x3b
 1345 0068 0B       		.uleb128 0xb
 1346 0069 49       		.uleb128 0x49
 1347 006a 13       		.uleb128 0x13
 1348 006b 38       		.uleb128 0x38
 1349 006c 0B       		.uleb128 0xb
 1350 006d 00       		.byte	0
 1351 006e 00       		.byte	0
 1352 006f 0A       		.uleb128 0xa
 1353 0070 13       		.uleb128 0x13
 1354 0071 01       		.byte	0x1
 1355 0072 0B       		.uleb128 0xb
 1356 0073 0B       		.uleb128 0xb
 1357 0074 3A       		.uleb128 0x3a
 1358 0075 0B       		.uleb128 0xb
 1359 0076 3B       		.uleb128 0x3b
 1360 0077 05       		.uleb128 0x5
 1361 0078 01       		.uleb128 0x1
 1362 0079 13       		.uleb128 0x13
 1363 007a 00       		.byte	0
 1364 007b 00       		.byte	0
 1365 007c 0B       		.uleb128 0xb
 1366 007d 0D       		.uleb128 0xd
 1367 007e 00       		.byte	0
 1368 007f 03       		.uleb128 0x3
ARM GAS  C:\Users\jadeh\AppData\Local\Temp\ccXfYkwJ.s 			page 25


 1369 0080 0E       		.uleb128 0xe
 1370 0081 3A       		.uleb128 0x3a
 1371 0082 0B       		.uleb128 0xb
 1372 0083 3B       		.uleb128 0x3b
 1373 0084 05       		.uleb128 0x5
 1374 0085 49       		.uleb128 0x49
 1375 0086 13       		.uleb128 0x13
 1376 0087 38       		.uleb128 0x38
 1377 0088 0B       		.uleb128 0xb
 1378 0089 00       		.byte	0
 1379 008a 00       		.byte	0
 1380 008b 0C       		.uleb128 0xc
 1381 008c 16       		.uleb128 0x16
 1382 008d 00       		.byte	0
 1383 008e 03       		.uleb128 0x3
 1384 008f 0E       		.uleb128 0xe
 1385 0090 3A       		.uleb128 0x3a
 1386 0091 0B       		.uleb128 0xb
 1387 0092 3B       		.uleb128 0x3b
 1388 0093 05       		.uleb128 0x5
 1389 0094 49       		.uleb128 0x49
 1390 0095 13       		.uleb128 0x13
 1391 0096 00       		.byte	0
 1392 0097 00       		.byte	0
 1393 0098 0D       		.uleb128 0xd
 1394 0099 34       		.uleb128 0x34
 1395 009a 00       		.byte	0
 1396 009b 03       		.uleb128 0x3
 1397 009c 0E       		.uleb128 0xe
 1398 009d 3A       		.uleb128 0x3a
 1399 009e 0B       		.uleb128 0xb
 1400 009f 3B       		.uleb128 0x3b
 1401 00a0 05       		.uleb128 0x5
 1402 00a1 49       		.uleb128 0x49
 1403 00a2 13       		.uleb128 0x13
 1404 00a3 3F       		.uleb128 0x3f
 1405 00a4 19       		.uleb128 0x19
 1406 00a5 3C       		.uleb128 0x3c
 1407 00a6 19       		.uleb128 0x19
 1408 00a7 00       		.byte	0
 1409 00a8 00       		.byte	0
 1410 00a9 0E       		.uleb128 0xe
 1411 00aa 35       		.uleb128 0x35
 1412 00ab 00       		.byte	0
 1413 00ac 49       		.uleb128 0x49
 1414 00ad 13       		.uleb128 0x13
 1415 00ae 00       		.byte	0
 1416 00af 00       		.byte	0
 1417 00b0 0F       		.uleb128 0xf
 1418 00b1 34       		.uleb128 0x34
 1419 00b2 00       		.byte	0
 1420 00b3 03       		.uleb128 0x3
 1421 00b4 0E       		.uleb128 0xe
 1422 00b5 3A       		.uleb128 0x3a
 1423 00b6 0B       		.uleb128 0xb
 1424 00b7 3B       		.uleb128 0x3b
 1425 00b8 0B       		.uleb128 0xb
ARM GAS  C:\Users\jadeh\AppData\Local\Temp\ccXfYkwJ.s 			page 26


 1426 00b9 49       		.uleb128 0x49
 1427 00ba 13       		.uleb128 0x13
 1428 00bb 3F       		.uleb128 0x3f
 1429 00bc 19       		.uleb128 0x19
 1430 00bd 3C       		.uleb128 0x3c
 1431 00be 19       		.uleb128 0x19
 1432 00bf 00       		.byte	0
 1433 00c0 00       		.byte	0
 1434 00c1 10       		.uleb128 0x10
 1435 00c2 0F       		.uleb128 0xf
 1436 00c3 00       		.byte	0
 1437 00c4 0B       		.uleb128 0xb
 1438 00c5 0B       		.uleb128 0xb
 1439 00c6 49       		.uleb128 0x49
 1440 00c7 13       		.uleb128 0x13
 1441 00c8 00       		.byte	0
 1442 00c9 00       		.byte	0
 1443 00ca 11       		.uleb128 0x11
 1444 00cb 26       		.uleb128 0x26
 1445 00cc 00       		.byte	0
 1446 00cd 49       		.uleb128 0x49
 1447 00ce 13       		.uleb128 0x13
 1448 00cf 00       		.byte	0
 1449 00d0 00       		.byte	0
 1450 00d1 12       		.uleb128 0x12
 1451 00d2 34       		.uleb128 0x34
 1452 00d3 00       		.byte	0
 1453 00d4 03       		.uleb128 0x3
 1454 00d5 0E       		.uleb128 0xe
 1455 00d6 3A       		.uleb128 0x3a
 1456 00d7 0B       		.uleb128 0xb
 1457 00d8 3B       		.uleb128 0x3b
 1458 00d9 0B       		.uleb128 0xb
 1459 00da 49       		.uleb128 0x49
 1460 00db 13       		.uleb128 0x13
 1461 00dc 3F       		.uleb128 0x3f
 1462 00dd 19       		.uleb128 0x19
 1463 00de 02       		.uleb128 0x2
 1464 00df 18       		.uleb128 0x18
 1465 00e0 00       		.byte	0
 1466 00e1 00       		.byte	0
 1467 00e2 00       		.byte	0
 1468              		.section	.debug_aranges,"",%progbits
 1469 0000 14000000 		.4byte	0x14
 1470 0004 0200     		.2byte	0x2
 1471 0006 00000000 		.4byte	.Ldebug_info0
 1472 000a 04       		.byte	0x4
 1473 000b 00       		.byte	0
 1474 000c 0000     		.2byte	0
 1475 000e 0000     		.2byte	0
 1476 0010 00000000 		.4byte	0
 1477 0014 00000000 		.4byte	0
 1478              		.section	.debug_line,"",%progbits
 1479              	.Ldebug_line0:
 1480 0000 4D020000 		.section	.debug_str,"MS",%progbits,1
 1480      02004702 
 1480      00000201 
ARM GAS  C:\Users\jadeh\AppData\Local\Temp\ccXfYkwJ.s 			page 27


 1480      FB0E0D00 
 1480      01010101 
 1481              	.LASF223:
 1482 0000 666C6173 		.ascii	"flashCtlMainWs1Freq\000"
 1482      6843746C 
 1482      4D61696E 
 1482      57733146 
 1482      72657100 
 1483              	.LASF272:
 1484 0014 63795F73 		.ascii	"cy_stc_sysint_t\000"
 1484      74635F73 
 1484      7973696E 
 1484      745F7400 
 1485              	.LASF25:
 1486 0024 696F7373 		.ascii	"ioss_interrupt_gpio_IRQn\000"
 1486      5F696E74 
 1486      65727275 
 1486      70745F67 
 1486      70696F5F 
 1487              	.LASF123:
 1488 003d 74637077 		.ascii	"tcpwm_1_interrupts_15_IRQn\000"
 1488      6D5F315F 
 1488      696E7465 
 1488      72727570 
 1488      74735F31 
 1489              	.LASF274:
 1490 0058 63795F64 		.ascii	"cy_device\000"
 1490      65766963 
 1490      6500
 1491              	.LASF142:
 1492 0062 7564625F 		.ascii	"udb_interrupts_10_IRQn\000"
 1492      696E7465 
 1492      72727570 
 1492      74735F31 
 1492      305F4952 
 1493              	.LASF250:
 1494 0079 63707573 		.ascii	"cpussCm0ClockCtlOffset\000"
 1494      73436D30 
 1494      436C6F63 
 1494      6B43746C 
 1494      4F666673 
 1495              	.LASF67:
 1496 0090 63707573 		.ascii	"cpuss_interrupts_dw0_7_IRQn\000"
 1496      735F696E 
 1496      74657272 
 1496      75707473 
 1496      5F647730 
 1497              	.LASF267:
 1498 00ac 63686172 		.ascii	"char\000"
 1498      00
 1499              	.LASF36:
 1500 00b1 63707573 		.ascii	"cpuss_interrupts_ipc_1_IRQn\000"
 1500      735F696E 
 1500      74657272 
 1500      75707473 
 1500      5F697063 
 1501              	.LASF54:
ARM GAS  C:\Users\jadeh\AppData\Local\Temp\ccXfYkwJ.s 			page 28


 1502 00cd 7363625F 		.ascii	"scb_3_interrupt_IRQn\000"
 1502      335F696E 
 1502      74657272 
 1502      7570745F 
 1502      4952516E 
 1503              	.LASF84:
 1504 00e2 63707573 		.ascii	"cpuss_interrupts_dw1_8_IRQn\000"
 1504      735F696E 
 1504      74657272 
 1504      75707473 
 1504      5F647731 
 1505              	.LASF90:
 1506 00fe 63707573 		.ascii	"cpuss_interrupts_dw1_14_IRQn\000"
 1506      735F696E 
 1506      74657272 
 1506      75707473 
 1506      5F647731 
 1507              	.LASF182:
 1508 011b 70657269 		.ascii	"periBase\000"
 1508      42617365 
 1508      00
 1509              	.LASF62:
 1510 0124 63707573 		.ascii	"cpuss_interrupts_dw0_2_IRQn\000"
 1510      735F696E 
 1510      74657272 
 1510      75707473 
 1510      5F647730 
 1511              	.LASF258:
 1512 0140 63707573 		.ascii	"cpussCm0NmiCtlOffset\000"
 1512      73436D30 
 1512      4E6D6943 
 1512      746C4F66 
 1512      66736574 
 1513              	.LASF228:
 1514 0155 64774368 		.ascii	"dwChSize\000"
 1514      53697A65 
 1514      00
 1515              	.LASF172:
 1516 015e 756E7369 		.ascii	"unsigned int\000"
 1516      676E6564 
 1516      20696E74 
 1516      00
 1517              	.LASF46:
 1518 016b 63707573 		.ascii	"cpuss_interrupts_ipc_11_IRQn\000"
 1518      735F696E 
 1518      74657272 
 1518      75707473 
 1518      5F697063 
 1519              	.LASF210:
 1520 0188 736D6966 		.ascii	"smifDeviceNr\000"
 1520      44657669 
 1520      63654E72 
 1520      00
 1521              	.LASF240:
 1522 0195 70657269 		.ascii	"periDivCmdPaTypeSelPos\000"
 1522      44697643 
 1522      6D645061 
ARM GAS  C:\Users\jadeh\AppData\Local\Temp\ccXfYkwJ.s 			page 29


 1522      54797065 
 1522      53656C50 
 1523              	.LASF115:
 1524 01ac 74637077 		.ascii	"tcpwm_1_interrupts_7_IRQn\000"
 1524      6D5F315F 
 1524      696E7465 
 1524      72727570 
 1524      74735F37 
 1525              	.LASF166:
 1526 01c6 5F5F696E 		.ascii	"__int32_t\000"
 1526      7433325F 
 1526      7400
 1527              	.LASF33:
 1528 01d0 70617373 		.ascii	"pass_interrupt_ctbs_IRQn\000"
 1528      5F696E74 
 1528      65727275 
 1528      70745F63 
 1528      7462735F 
 1529              	.LASF206:
 1530 01e9 73727373 		.ascii	"srssNumClkpath\000"
 1530      4E756D43 
 1530      6C6B7061 
 1530      746800
 1531              	.LASF180:
 1532 01f8 63707573 		.ascii	"cpussBase\000"
 1532      73426173 
 1532      6500
 1533              	.LASF204:
 1534 0202 63707573 		.ascii	"cpussFmIrq\000"
 1534      73466D49 
 1534      727100
 1535              	.LASF30:
 1536 020d 73727373 		.ascii	"srss_interrupt_mcwdt_1_IRQn\000"
 1536      5F696E74 
 1536      65727275 
 1536      70745F6D 
 1536      63776474 
 1537              	.LASF12:
 1538 0229 696F7373 		.ascii	"ioss_interrupts_gpio_2_IRQn\000"
 1538      5F696E74 
 1538      65727275 
 1538      7074735F 
 1538      6770696F 
 1539              	.LASF205:
 1540 0245 63707573 		.ascii	"cpussNotConnectedIrq\000"
 1540      734E6F74 
 1540      436F6E6E 
 1540      65637465 
 1540      64497271 
 1541              	.LASF73:
 1542 025a 63707573 		.ascii	"cpuss_interrupts_dw0_13_IRQn\000"
 1542      735F696E 
 1542      74657272 
 1542      75707473 
 1542      5F647730 
 1543              	.LASF158:
 1544 0277 73686F72 		.ascii	"short int\000"
ARM GAS  C:\Users\jadeh\AppData\Local\Temp\ccXfYkwJ.s 			page 30


 1544      7420696E 
 1544      7400
 1545              	.LASF131:
 1546 0281 74637077 		.ascii	"tcpwm_1_interrupts_23_IRQn\000"
 1546      6D5F315F 
 1546      696E7465 
 1546      72727570 
 1546      74735F32 
 1547              	.LASF129:
 1548 029c 74637077 		.ascii	"tcpwm_1_interrupts_21_IRQn\000"
 1548      6D5F315F 
 1548      696E7465 
 1548      72727570 
 1548      74735F32 
 1549              	.LASF146:
 1550 02b7 7564625F 		.ascii	"udb_interrupts_14_IRQn\000"
 1550      696E7465 
 1550      72727570 
 1550      74735F31 
 1550      345F4952 
 1551              	.LASF236:
 1552 02ce 70657269 		.ascii	"periTrGrSize\000"
 1552      54724772 
 1552      53697A65 
 1552      00
 1553              	.LASF107:
 1554 02db 74637077 		.ascii	"tcpwm_0_interrupts_7_IRQn\000"
 1554      6D5F305F 
 1554      696E7465 
 1554      72727570 
 1554      74735F37 
 1555              	.LASF239:
 1556 02f5 70657269 		.ascii	"periDivCmdPaDivSelPos\000"
 1556      44697643 
 1556      6D645061 
 1556      44697653 
 1556      656C506F 
 1557              	.LASF216:
 1558 030b 63727970 		.ascii	"cryptoMemSize\000"
 1558      746F4D65 
 1558      6D53697A 
 1558      6500
 1559              	.LASF262:
 1560 0319 63707573 		.ascii	"cpussRam1Ctl0\000"
 1560      7352616D 
 1560      3143746C 
 1560      3000
 1561              	.LASF76:
 1562 0327 63707573 		.ascii	"cpuss_interrupts_dw1_0_IRQn\000"
 1562      735F696E 
 1562      74657272 
 1562      75707473 
 1562      5F647731 
 1563              	.LASF102:
 1564 0343 74637077 		.ascii	"tcpwm_0_interrupts_2_IRQn\000"
 1564      6D5F305F 
 1564      696E7465 
ARM GAS  C:\Users\jadeh\AppData\Local\Temp\ccXfYkwJ.s 			page 31


 1564      72727570 
 1564      74735F32 
 1565              	.LASF8:
 1566 035d 50656E64 		.ascii	"PendSV_IRQn\000"
 1566      53565F49 
 1566      52516E00 
 1567              	.LASF277:
 1568 0369 474E5520 		.ascii	"GNU C11 5.4.1 20160609 (release) [ARM/embedded-5-br"
 1568      43313120 
 1568      352E342E 
 1568      31203230 
 1568      31363036 
 1569 039c 616E6368 		.ascii	"anch revision 237715] -mcpu=cortex-m4 -mfloat-abi=s"
 1569      20726576 
 1569      6973696F 
 1569      6E203233 
 1569      37373135 
 1570 03cf 6F667466 		.ascii	"oftfp -mfpu=fpv4-sp-d16 -mthumb -g -Og -ffunction-s"
 1570      70202D6D 
 1570      6670753D 
 1570      66707634 
 1570      2D73702D 
 1571 0402 65637469 		.ascii	"ections -ffat-lto-objects\000"
 1571      6F6E7320 
 1571      2D666661 
 1571      742D6C74 
 1571      6F2D6F62 
 1572              	.LASF198:
 1573 041c 70726F74 		.ascii	"protVersion\000"
 1573      56657273 
 1573      696F6E00 
 1574              	.LASF108:
 1575 0428 74637077 		.ascii	"tcpwm_1_interrupts_0_IRQn\000"
 1575      6D5F315F 
 1575      696E7465 
 1575      72727570 
 1575      74735F30 
 1576              	.LASF174:
 1577 0442 696E7431 		.ascii	"int16_t\000"
 1577      365F7400 
 1578              	.LASF238:
 1579 044a 70657269 		.ascii	"periDivCmdTypeSelPos\000"
 1579      44697643 
 1579      6D645479 
 1579      70655365 
 1579      6C506F73 
 1580              	.LASF255:
 1581 045f 63707573 		.ascii	"cpussTrimRamCtlOffset\000"
 1581      73547269 
 1581      6D52616D 
 1581      43746C4F 
 1581      66667365 
 1582              	.LASF139:
 1583 0475 7564625F 		.ascii	"udb_interrupts_7_IRQn\000"
 1583      696E7465 
 1583      72727570 
 1583      74735F37 
ARM GAS  C:\Users\jadeh\AppData\Local\Temp\ccXfYkwJ.s 			page 32


 1583      5F495251 
 1584              	.LASF28:
 1585 048b 7363625F 		.ascii	"scb_8_interrupt_IRQn\000"
 1585      385F696E 
 1585      74657272 
 1585      7570745F 
 1585      4952516E 
 1586              	.LASF3:
 1587 04a0 4D656D6F 		.ascii	"MemoryManagement_IRQn\000"
 1587      72794D61 
 1587      6E616765 
 1587      6D656E74 
 1587      5F495251 
 1588              	.LASF125:
 1589 04b6 74637077 		.ascii	"tcpwm_1_interrupts_17_IRQn\000"
 1589      6D5F315F 
 1589      696E7465 
 1589      72727570 
 1589      74735F31 
 1590              	.LASF134:
 1591 04d1 7564625F 		.ascii	"udb_interrupts_2_IRQn\000"
 1591      696E7465 
 1591      72727570 
 1591      74735F32 
 1591      5F495251 
 1592              	.LASF177:
 1593 04e7 75696E74 		.ascii	"uint32_t\000"
 1593      33325F74 
 1593      00
 1594              	.LASF120:
 1595 04f0 74637077 		.ascii	"tcpwm_1_interrupts_12_IRQn\000"
 1595      6D5F315F 
 1595      696E7465 
 1595      72727570 
 1595      74735F31 
 1596              	.LASF17:
 1597 050b 696F7373 		.ascii	"ioss_interrupts_gpio_7_IRQn\000"
 1597      5F696E74 
 1597      65727275 
 1597      7074735F 
 1597      6770696F 
 1598              	.LASF23:
 1599 0527 696F7373 		.ascii	"ioss_interrupts_gpio_13_IRQn\000"
 1599      5F696E74 
 1599      65727275 
 1599      7074735F 
 1599      6770696F 
 1600              	.LASF147:
 1601 0544 7564625F 		.ascii	"udb_interrupts_15_IRQn\000"
 1601      696E7465 
 1601      72727570 
 1601      74735F31 
 1601      355F4952 
 1602              	.LASF248:
 1603 055b 6770696F 		.ascii	"gpioPrtCfgOutOffset\000"
 1603      50727443 
 1603      66674F75 
ARM GAS  C:\Users\jadeh\AppData\Local\Temp\ccXfYkwJ.s 			page 33


 1603      744F6666 
 1603      73657400 
 1604              	.LASF97:
 1605 056f 63707573 		.ascii	"cpuss_interrupts_cm0_cti_1_IRQn\000"
 1605      735F696E 
 1605      74657272 
 1605      75707473 
 1605      5F636D30 
 1606              	.LASF268:
 1607 058f 666C6F61 		.ascii	"float\000"
 1607      7400
 1608              	.LASF191:
 1609 0595 63727970 		.ascii	"cryptoVersion\000"
 1609      746F5665 
 1609      7273696F 
 1609      6E00
 1610              	.LASF220:
 1611 05a3 666C6173 		.ascii	"flashProgramDelay\000"
 1611      6850726F 
 1611      6772616D 
 1611      44656C61 
 1611      7900
 1612              	.LASF55:
 1613 05b5 7363625F 		.ascii	"scb_4_interrupt_IRQn\000"
 1613      345F696E 
 1613      74657272 
 1613      7570745F 
 1613      4952516E 
 1614              	.LASF276:
 1615 05ca 426F7574 		.ascii	"Bouton_ISR_cfg\000"
 1615      6F6E5F49 
 1615      53525F63 
 1615      666700
 1616              	.LASF181:
 1617 05d9 666C6173 		.ascii	"flashcBase\000"
 1617      68634261 
 1617      736500
 1618              	.LASF81:
 1619 05e4 63707573 		.ascii	"cpuss_interrupts_dw1_5_IRQn\000"
 1619      735F696E 
 1619      74657272 
 1619      75707473 
 1619      5F647731 
 1620              	.LASF247:
 1621 0600 6770696F 		.ascii	"gpioPrtCfgInOffset\000"
 1621      50727443 
 1621      6667496E 
 1621      4F666673 
 1621      657400
 1622              	.LASF87:
 1623 0613 63707573 		.ascii	"cpuss_interrupts_dw1_11_IRQn\000"
 1623      735F696E 
 1623      74657272 
 1623      75707473 
 1623      5F647731 
 1624              	.LASF154:
 1625 0630 7573625F 		.ascii	"usb_interrupt_med_IRQn\000"
ARM GAS  C:\Users\jadeh\AppData\Local\Temp\ccXfYkwJ.s 			page 34


 1625      696E7465 
 1625      72727570 
 1625      745F6D65 
 1625      645F4952 
 1626              	.LASF219:
 1627 0647 666C6173 		.ascii	"flashWriteDelay\000"
 1627      68577269 
 1627      74654465 
 1627      6C617900 
 1628              	.LASF171:
 1629 0657 6C6F6E67 		.ascii	"long long unsigned int\000"
 1629      206C6F6E 
 1629      6720756E 
 1629      7369676E 
 1629      65642069 
 1630              	.LASF244:
 1631 066e 70657269 		.ascii	"periDiv24_5CtlOffset\000"
 1631      44697632 
 1631      345F3543 
 1631      746C4F66 
 1631      66736574 
 1632              	.LASF249:
 1633 0683 6770696F 		.ascii	"gpioPrtCfgSioOffset\000"
 1633      50727443 
 1633      66675369 
 1633      6F4F6666 
 1633      73657400 
 1634              	.LASF48:
 1635 0697 63707573 		.ascii	"cpuss_interrupts_ipc_13_IRQn\000"
 1635      735F696E 
 1635      74657272 
 1635      75707473 
 1635      5F697063 
 1636              	.LASF203:
 1637 06b4 63707573 		.ascii	"cpussIpc0Irq\000"
 1637      73497063 
 1637      30497271 
 1637      00
 1638              	.LASF31:
 1639 06c1 73727373 		.ascii	"srss_interrupt_backup_IRQn\000"
 1639      5F696E74 
 1639      65727275 
 1639      70745F62 
 1639      61636B75 
 1640              	.LASF117:
 1641 06dc 74637077 		.ascii	"tcpwm_1_interrupts_9_IRQn\000"
 1641      6D5F315F 
 1641      696E7465 
 1641      72727570 
 1641      74735F39 
 1642              	.LASF164:
 1643 06f6 5F5F7569 		.ascii	"__uint16_t\000"
 1643      6E743136 
 1643      5F7400
 1644              	.LASF6:
 1645 0701 53564361 		.ascii	"SVCall_IRQn\000"
 1645      6C6C5F49 
ARM GAS  C:\Users\jadeh\AppData\Local\Temp\ccXfYkwJ.s 			page 35


 1645      52516E00 
 1646              	.LASF51:
 1647 070d 7363625F 		.ascii	"scb_0_interrupt_IRQn\000"
 1647      305F696E 
 1647      74657272 
 1647      7570745F 
 1647      4952516E 
 1648              	.LASF112:
 1649 0722 74637077 		.ascii	"tcpwm_1_interrupts_4_IRQn\000"
 1649      6D5F315F 
 1649      696E7465 
 1649      72727570 
 1649      74735F34 
 1650              	.LASF59:
 1651 073c 6373645F 		.ascii	"csd_interrupt_IRQn\000"
 1651      696E7465 
 1651      72727570 
 1651      745F4952 
 1651      516E00
 1652              	.LASF151:
 1653 074f 70726F66 		.ascii	"profile_interrupt_IRQn\000"
 1653      696C655F 
 1653      696E7465 
 1653      72727570 
 1653      745F4952 
 1654              	.LASF21:
 1655 0766 696F7373 		.ascii	"ioss_interrupts_gpio_11_IRQn\000"
 1655      5F696E74 
 1655      65727275 
 1655      7074735F 
 1655      6770696F 
 1656              	.LASF43:
 1657 0783 63707573 		.ascii	"cpuss_interrupts_ipc_8_IRQn\000"
 1657      735F696E 
 1657      74657272 
 1657      75707473 
 1657      5F697063 
 1658              	.LASF92:
 1659 079f 63707573 		.ascii	"cpuss_interrupts_fault_0_IRQn\000"
 1659      735F696E 
 1659      74657272 
 1659      75707473 
 1659      5F666175 
 1660              	.LASF225:
 1661 07bd 666C6173 		.ascii	"flashCtlMainWs3Freq\000"
 1661      6843746C 
 1661      4D61696E 
 1661      57733346 
 1661      72657100 
 1662              	.LASF160:
 1663 07d1 4952516E 		.ascii	"IRQn_Type\000"
 1663      5F547970 
 1663      6500
 1664              	.LASF207:
 1665 07db 73727373 		.ascii	"srssNumPll\000"
 1665      4E756D50 
 1665      6C6C00
ARM GAS  C:\Users\jadeh\AppData\Local\Temp\ccXfYkwJ.s 			page 36


 1666              	.LASF143:
 1667 07e6 7564625F 		.ascii	"udb_interrupts_11_IRQn\000"
 1667      696E7465 
 1667      72727570 
 1667      74735F31 
 1667      315F4952 
 1668              	.LASF37:
 1669 07fd 63707573 		.ascii	"cpuss_interrupts_ipc_2_IRQn\000"
 1669      735F696E 
 1669      74657272 
 1669      75707473 
 1669      5F697063 
 1670              	.LASF104:
 1671 0819 74637077 		.ascii	"tcpwm_0_interrupts_4_IRQn\000"
 1671      6D5F305F 
 1671      696E7465 
 1671      72727570 
 1671      74735F34 
 1672              	.LASF218:
 1673 0833 666C6173 		.ascii	"flashPipeRequired\000"
 1673      68506970 
 1673      65526571 
 1673      75697265 
 1673      6400
 1674              	.LASF233:
 1675 0845 70657269 		.ascii	"periTrCmdOffset\000"
 1675      5472436D 
 1675      644F6666 
 1675      73657400 
 1676              	.LASF208:
 1677 0855 73727373 		.ascii	"srssNumHfroot\000"
 1677      4E756D48 
 1677      66726F6F 
 1677      7400
 1678              	.LASF222:
 1679 0863 666C6173 		.ascii	"flashCtlMainWs0Freq\000"
 1679      6843746C 
 1679      4D61696E 
 1679      57733046 
 1679      72657100 
 1680              	.LASF149:
 1681 0877 61756469 		.ascii	"audioss_interrupt_i2s_IRQn\000"
 1681      6F73735F 
 1681      696E7465 
 1681      72727570 
 1681      745F6932 
 1682              	.LASF186:
 1683 0892 6770696F 		.ascii	"gpioBase\000"
 1683      42617365 
 1683      00
 1684              	.LASF156:
 1685 089b 70617373 		.ascii	"pass_interrupt_dacs_IRQn\000"
 1685      5F696E74 
 1685      65727275 
 1685      70745F64 
 1685      6163735F 
 1686              	.LASF109:
ARM GAS  C:\Users\jadeh\AppData\Local\Temp\ccXfYkwJ.s 			page 37


 1687 08b4 74637077 		.ascii	"tcpwm_1_interrupts_1_IRQn\000"
 1687      6D5F315F 
 1687      696E7465 
 1687      72727570 
 1687      74735F31 
 1688              	.LASF136:
 1689 08ce 7564625F 		.ascii	"udb_interrupts_4_IRQn\000"
 1689      696E7465 
 1689      72727570 
 1689      74735F34 
 1689      5F495251 
 1690              	.LASF150:
 1691 08e4 61756469 		.ascii	"audioss_interrupt_pdm_IRQn\000"
 1691      6F73735F 
 1691      696E7465 
 1691      72727570 
 1691      745F7064 
 1692              	.LASF70:
 1693 08ff 63707573 		.ascii	"cpuss_interrupts_dw0_10_IRQn\000"
 1693      735F696E 
 1693      74657272 
 1693      75707473 
 1693      5F647730 
 1694              	.LASF122:
 1695 091c 74637077 		.ascii	"tcpwm_1_interrupts_14_IRQn\000"
 1695      6D5F315F 
 1695      696E7465 
 1695      72727570 
 1695      74735F31 
 1696              	.LASF19:
 1697 0937 696F7373 		.ascii	"ioss_interrupts_gpio_9_IRQn\000"
 1697      5F696E74 
 1697      65727275 
 1697      7074735F 
 1697      6770696F 
 1698              	.LASF257:
 1699 0953 63707573 		.ascii	"cpussSysTickCtlOffset\000"
 1699      73537973 
 1699      5469636B 
 1699      43746C4F 
 1699      66667365 
 1700              	.LASF213:
 1701 0969 75646250 		.ascii	"udbPresent\000"
 1701      72657365 
 1701      6E7400
 1702              	.LASF231:
 1703 0974 64775374 		.ascii	"dwStatusChIdxPos\000"
 1703      61747573 
 1703      43684964 
 1703      78506F73 
 1703      00
 1704              	.LASF66:
 1705 0985 63707573 		.ascii	"cpuss_interrupts_dw0_6_IRQn\000"
 1705      735F696E 
 1705      74657272 
 1705      75707473 
 1705      5F647730 
ARM GAS  C:\Users\jadeh\AppData\Local\Temp\ccXfYkwJ.s 			page 38


 1706              	.LASF14:
 1707 09a1 696F7373 		.ascii	"ioss_interrupts_gpio_4_IRQn\000"
 1707      5F696E74 
 1707      65727275 
 1707      7074735F 
 1707      6770696F 
 1708              	.LASF20:
 1709 09bd 696F7373 		.ascii	"ioss_interrupts_gpio_10_IRQn\000"
 1709      5F696E74 
 1709      65727275 
 1709      7074735F 
 1709      6770696F 
 1710              	.LASF75:
 1711 09da 63707573 		.ascii	"cpuss_interrupts_dw0_15_IRQn\000"
 1711      735F696E 
 1711      74657272 
 1711      75707473 
 1711      5F647730 
 1712              	.LASF32:
 1713 09f7 73727373 		.ascii	"srss_interrupt_IRQn\000"
 1713      5F696E74 
 1713      65727275 
 1713      70745F49 
 1713      52516E00 
 1714              	.LASF202:
 1715 0a0b 63707573 		.ascii	"cpussFlashPaSize\000"
 1715      73466C61 
 1715      73685061 
 1715      53697A65 
 1715      00
 1716              	.LASF83:
 1717 0a1c 63707573 		.ascii	"cpuss_interrupts_dw1_7_IRQn\000"
 1717      735F696E 
 1717      74657272 
 1717      75707473 
 1717      5F647731 
 1718              	.LASF89:
 1719 0a38 63707573 		.ascii	"cpuss_interrupts_dw1_13_IRQn\000"
 1719      735F696E 
 1719      74657272 
 1719      75707473 
 1719      5F647731 
 1720              	.LASF61:
 1721 0a55 63707573 		.ascii	"cpuss_interrupts_dw0_1_IRQn\000"
 1721      735F696E 
 1721      74657272 
 1721      75707473 
 1721      5F647730 
 1722              	.LASF243:
 1723 0a71 70657269 		.ascii	"periDiv16_5CtlOffset\000"
 1723      44697631 
 1723      365F3543 
 1723      746C4F66 
 1723      66736574 
 1724              	.LASF157:
 1725 0a86 756E636F 		.ascii	"unconnected_IRQn\000"
 1725      6E6E6563 
ARM GAS  C:\Users\jadeh\AppData\Local\Temp\ccXfYkwJ.s 			page 39


 1725      7465645F 
 1725      4952516E 
 1725      00
 1726              	.LASF78:
 1727 0a97 63707573 		.ascii	"cpuss_interrupts_dw1_2_IRQn\000"
 1727      735F696E 
 1727      74657272 
 1727      75707473 
 1727      5F647731 
 1728              	.LASF214:
 1729 0ab3 73797350 		.ascii	"sysPmSimoPresent\000"
 1729      6D53696D 
 1729      6F507265 
 1729      73656E74 
 1729      00
 1730              	.LASF279:
 1731 0ac4 433A5C55 		.ascii	"C:\\Users\\jadeh\\OneDrive\\Documents\\PSoC Creator"
 1731      73657273 
 1731      5C6A6164 
 1731      65685C4F 
 1731      6E654472 
 1732 0af2 5C4D7957 		.ascii	"\\MyWorkspace\\Workspace01\\Design01.cydsn\000"
 1732      6F726B73 
 1732      70616365 
 1732      5C576F72 
 1732      6B737061 
 1733              	.LASF155:
 1734 0b1a 7573625F 		.ascii	"usb_interrupt_lo_IRQn\000"
 1734      696E7465 
 1734      72727570 
 1734      745F6C6F 
 1734      5F495251 
 1735              	.LASF45:
 1736 0b30 63707573 		.ascii	"cpuss_interrupts_ipc_10_IRQn\000"
 1736      735F696E 
 1736      74657272 
 1736      75707473 
 1736      5F697063 
 1737              	.LASF95:
 1738 0b4d 63707573 		.ascii	"cpuss_interrupt_fm_IRQn\000"
 1738      735F696E 
 1738      74657272 
 1738      7570745F 
 1738      666D5F49 
 1739              	.LASF114:
 1740 0b65 74637077 		.ascii	"tcpwm_1_interrupts_6_IRQn\000"
 1740      6D5F315F 
 1740      696E7465 
 1740      72727570 
 1740      74735F36 
 1741              	.LASF141:
 1742 0b7f 7564625F 		.ascii	"udb_interrupts_9_IRQn\000"
 1742      696E7465 
 1742      72727570 
 1742      74735F39 
 1742      5F495251 
 1743              	.LASF232:
ARM GAS  C:\Users\jadeh\AppData\Local\Temp\ccXfYkwJ.s 			page 40


 1744 0b95 64775374 		.ascii	"dwStatusChIdxMsk\000"
 1744      61747573 
 1744      43684964 
 1744      784D736B 
 1744      00
 1745              	.LASF145:
 1746 0ba6 7564625F 		.ascii	"udb_interrupts_13_IRQn\000"
 1746      696E7465 
 1746      72727570 
 1746      74735F31 
 1746      335F4952 
 1747              	.LASF173:
 1748 0bbd 75696E74 		.ascii	"uint8_t\000"
 1748      385F7400 
 1749              	.LASF127:
 1750 0bc5 74637077 		.ascii	"tcpwm_1_interrupts_19_IRQn\000"
 1750      6D5F315F 
 1750      696E7465 
 1750      72727570 
 1750      74735F31 
 1751              	.LASF270:
 1752 0be0 696E7472 		.ascii	"intrSrc\000"
 1752      53726300 
 1753              	.LASF237:
 1754 0be8 70657269 		.ascii	"periDivCmdDivSelMsk\000"
 1754      44697643 
 1754      6D644469 
 1754      7653656C 
 1754      4D736B00 
 1755              	.LASF29:
 1756 0bfc 73727373 		.ascii	"srss_interrupt_mcwdt_0_IRQn\000"
 1756      5F696E74 
 1756      65727275 
 1756      70745F6D 
 1756      63776474 
 1757              	.LASF245:
 1758 0c18 6770696F 		.ascii	"gpioPrtIntrCfgOffset\000"
 1758      50727449 
 1758      6E747243 
 1758      66674F66 
 1758      66736574 
 1759              	.LASF27:
 1760 0c2d 6C70636F 		.ascii	"lpcomp_interrupt_IRQn\000"
 1760      6D705F69 
 1760      6E746572 
 1760      72757074 
 1760      5F495251 
 1761              	.LASF40:
 1762 0c43 63707573 		.ascii	"cpuss_interrupts_ipc_5_IRQn\000"
 1762      735F696E 
 1762      74657272 
 1762      75707473 
 1762      5F697063 
 1763              	.LASF261:
 1764 0c5f 63707573 		.ascii	"cpussRam0Ctl0\000"
 1764      7352616D 
 1764      3043746C 
ARM GAS  C:\Users\jadeh\AppData\Local\Temp\ccXfYkwJ.s 			page 41


 1764      3000
 1765              	.LASF170:
 1766 0c6d 6C6F6E67 		.ascii	"long long int\000"
 1766      206C6F6E 
 1766      6720696E 
 1766      7400
 1767              	.LASF188:
 1768 0c7b 69706342 		.ascii	"ipcBase\000"
 1768      61736500 
 1769              	.LASF229:
 1770 0c83 64774368 		.ascii	"dwChCtlPrioPos\000"
 1770      43746C50 
 1770      72696F50 
 1770      6F7300
 1771              	.LASF189:
 1772 0c92 63727970 		.ascii	"cryptoBase\000"
 1772      746F4261 
 1772      736500
 1773              	.LASF35:
 1774 0c9d 63707573 		.ascii	"cpuss_interrupts_ipc_0_IRQn\000"
 1774      735F696E 
 1774      74657272 
 1774      75707473 
 1774      5F697063 
 1775              	.LASF101:
 1776 0cb9 74637077 		.ascii	"tcpwm_0_interrupts_1_IRQn\000"
 1776      6D5F305F 
 1776      696E7465 
 1776      72727570 
 1776      74735F31 
 1777              	.LASF56:
 1778 0cd3 7363625F 		.ascii	"scb_5_interrupt_IRQn\000"
 1778      355F696E 
 1778      74657272 
 1778      7570745F 
 1778      4952516E 
 1779              	.LASF50:
 1780 0ce8 63707573 		.ascii	"cpuss_interrupts_ipc_15_IRQn\000"
 1780      735F696E 
 1780      74657272 
 1780      75707473 
 1780      5F697063 
 1781              	.LASF163:
 1782 0d05 5F5F696E 		.ascii	"__int16_t\000"
 1782      7431365F 
 1782      7400
 1783              	.LASF209:
 1784 0d0f 70657269 		.ascii	"periClockNr\000"
 1784      436C6F63 
 1784      6B4E7200 
 1785              	.LASF185:
 1786 0d1b 6873696F 		.ascii	"hsiomBase\000"
 1786      6D426173 
 1786      6500
 1787              	.LASF4:
 1788 0d25 42757346 		.ascii	"BusFault_IRQn\000"
 1788      61756C74 
ARM GAS  C:\Users\jadeh\AppData\Local\Temp\ccXfYkwJ.s 			page 42


 1788      5F495251 
 1788      6E00
 1789              	.LASF251:
 1790 0d33 63707573 		.ascii	"cpussCm4ClockCtlOffset\000"
 1790      73436D34 
 1790      436C6F63 
 1790      6B43746C 
 1790      4F666673 
 1791              	.LASF235:
 1792 0d4a 70657269 		.ascii	"periTrGrOffset\000"
 1792      54724772 
 1792      4F666673 
 1792      657400
 1793              	.LASF133:
 1794 0d59 7564625F 		.ascii	"udb_interrupts_1_IRQn\000"
 1794      696E7465 
 1794      72727570 
 1794      74735F31 
 1794      5F495251 
 1795              	.LASF201:
 1796 0d6f 63707573 		.ascii	"cpussDwChNr\000"
 1796      73447743 
 1796      684E7200 
 1797              	.LASF153:
 1798 0d7b 7573625F 		.ascii	"usb_interrupt_hi_IRQn\000"
 1798      696E7465 
 1798      72727570 
 1798      745F6869 
 1798      5F495251 
 1799              	.LASF52:
 1800 0d91 7363625F 		.ascii	"scb_1_interrupt_IRQn\000"
 1800      315F696E 
 1800      74657272 
 1800      7570745F 
 1800      4952516E 
 1801              	.LASF119:
 1802 0da6 74637077 		.ascii	"tcpwm_1_interrupts_11_IRQn\000"
 1802      6D5F315F 
 1802      696E7465 
 1802      72727570 
 1802      74735F31 
 1803              	.LASF16:
 1804 0dc1 696F7373 		.ascii	"ioss_interrupts_gpio_6_IRQn\000"
 1804      5F696E74 
 1804      65727275 
 1804      7074735F 
 1804      6770696F 
 1805              	.LASF199:
 1806 0ddd 63707573 		.ascii	"cpussIpcNr\000"
 1806      73497063 
 1806      4E7200
 1807              	.LASF252:
 1808 0de8 63707573 		.ascii	"cpussCm4StatusOffset\000"
 1808      73436D34 
 1808      53746174 
 1808      75734F66 
 1808      66736574 
ARM GAS  C:\Users\jadeh\AppData\Local\Temp\ccXfYkwJ.s 			page 43


 1809              	.LASF96:
 1810 0dfd 63707573 		.ascii	"cpuss_interrupts_cm0_cti_0_IRQn\000"
 1810      735F696E 
 1810      74657272 
 1810      75707473 
 1810      5F636D30 
 1811              	.LASF85:
 1812 0e1d 63707573 		.ascii	"cpuss_interrupts_dw1_9_IRQn\000"
 1812      735F696E 
 1812      74657272 
 1812      75707473 
 1812      5F647731 
 1813              	.LASF69:
 1814 0e39 63707573 		.ascii	"cpuss_interrupts_dw0_9_IRQn\000"
 1814      735F696E 
 1814      74657272 
 1814      75707473 
 1814      5F647730 
 1815              	.LASF63:
 1816 0e55 63707573 		.ascii	"cpuss_interrupts_dw0_3_IRQn\000"
 1816      735F696E 
 1816      74657272 
 1816      75707473 
 1816      5F647730 
 1817              	.LASF263:
 1818 0e71 63707573 		.ascii	"cpussRam2Ctl0\000"
 1818      7352616D 
 1818      3243746C 
 1818      3000
 1819              	.LASF11:
 1820 0e7f 696F7373 		.ascii	"ioss_interrupts_gpio_1_IRQn\000"
 1820      5F696E74 
 1820      65727275 
 1820      7074735F 
 1820      6770696F 
 1821              	.LASF72:
 1822 0e9b 63707573 		.ascii	"cpuss_interrupts_dw0_12_IRQn\000"
 1822      735F696E 
 1822      74657272 
 1822      75707473 
 1822      5F647730 
 1823              	.LASF80:
 1824 0eb8 63707573 		.ascii	"cpuss_interrupts_dw1_4_IRQn\000"
 1824      735F696E 
 1824      74657272 
 1824      75707473 
 1824      5F647731 
 1825              	.LASF86:
 1826 0ed4 63707573 		.ascii	"cpuss_interrupts_dw1_10_IRQn\000"
 1826      735F696E 
 1826      74657272 
 1826      75707473 
 1826      5F647731 
 1827              	.LASF106:
 1828 0ef1 74637077 		.ascii	"tcpwm_0_interrupts_6_IRQn\000"
 1828      6D5F305F 
 1828      696E7465 
ARM GAS  C:\Users\jadeh\AppData\Local\Temp\ccXfYkwJ.s 			page 44


 1828      72727570 
 1828      74735F36 
 1829              	.LASF242:
 1830 0f0b 70657269 		.ascii	"periDiv16CtlOffset\000"
 1830      44697631 
 1830      3643746C 
 1830      4F666673 
 1830      657400
 1831              	.LASF116:
 1832 0f1e 74637077 		.ascii	"tcpwm_1_interrupts_8_IRQn\000"
 1832      6D5F315F 
 1832      696E7465 
 1832      72727570 
 1832      74735F38 
 1833              	.LASF165:
 1834 0f38 73686F72 		.ascii	"short unsigned int\000"
 1834      7420756E 
 1834      7369676E 
 1834      65642069 
 1834      6E7400
 1835              	.LASF179:
 1836 0f4b 6C6F6E67 		.ascii	"long double\000"
 1836      20646F75 
 1836      626C6500 
 1837              	.LASF175:
 1838 0f57 75696E74 		.ascii	"uint16_t\000"
 1838      31365F74 
 1838      00
 1839              	.LASF184:
 1840 0f60 70726F74 		.ascii	"protBase\000"
 1840      42617365 
 1840      00
 1841              	.LASF234:
 1842 0f69 70657269 		.ascii	"periTrCmdGrSelMsk\000"
 1842      5472436D 
 1842      64477253 
 1842      656C4D73 
 1842      6B00
 1843              	.LASF99:
 1844 0f7b 63707573 		.ascii	"cpuss_interrupts_cm4_cti_1_IRQn\000"
 1844      735F696E 
 1844      74657272 
 1844      75707473 
 1844      5F636D34 
 1845              	.LASF111:
 1846 0f9b 74637077 		.ascii	"tcpwm_1_interrupts_3_IRQn\000"
 1846      6D5F315F 
 1846      696E7465 
 1846      72727570 
 1846      74735F33 
 1847              	.LASF138:
 1848 0fb5 7564625F 		.ascii	"udb_interrupts_6_IRQn\000"
 1848      696E7465 
 1848      72727570 
 1848      74735F36 
 1848      5F495251 
 1849              	.LASF192:
ARM GAS  C:\Users\jadeh\AppData\Local\Temp\ccXfYkwJ.s 			page 45


 1850 0fcb 64775665 		.ascii	"dwVersion\000"
 1850      7273696F 
 1850      6E00
 1851              	.LASF124:
 1852 0fd5 74637077 		.ascii	"tcpwm_1_interrupts_16_IRQn\000"
 1852      6D5F315F 
 1852      696E7465 
 1852      72727570 
 1852      74735F31 
 1853              	.LASF42:
 1854 0ff0 63707573 		.ascii	"cpuss_interrupts_ipc_7_IRQn\000"
 1854      735F696E 
 1854      74657272 
 1854      75707473 
 1854      5F697063 
 1855              	.LASF137:
 1856 100c 7564625F 		.ascii	"udb_interrupts_5_IRQn\000"
 1856      696E7465 
 1856      72727570 
 1856      74735F35 
 1856      5F495251 
 1857              	.LASF178:
 1858 1022 73697A65 		.ascii	"sizetype\000"
 1858      74797065 
 1858      00
 1859              	.LASF259:
 1860 102b 63707573 		.ascii	"cpussCm4NmiCtlOffset\000"
 1860      73436D34 
 1860      4E6D6943 
 1860      746C4F66 
 1860      66736574 
 1861              	.LASF253:
 1862 1040 63707573 		.ascii	"cpussCm0StatusOffset\000"
 1862      73436D30 
 1862      53746174 
 1862      75734F66 
 1862      66736574 
 1863              	.LASF241:
 1864 1055 70657269 		.ascii	"periDiv8CtlOffset\000"
 1864      44697638 
 1864      43746C4F 
 1864      66667365 
 1864      7400
 1865              	.LASF68:
 1866 1067 63707573 		.ascii	"cpuss_interrupts_dw0_8_IRQn\000"
 1866      735F696E 
 1866      74657272 
 1866      75707473 
 1866      5F647730 
 1867              	.LASF22:
 1868 1083 696F7373 		.ascii	"ioss_interrupts_gpio_12_IRQn\000"
 1868      5F696E74 
 1868      65727275 
 1868      7074735F 
 1868      6770696F 
 1869              	.LASF34:
 1870 10a0 626C6573 		.ascii	"bless_interrupt_IRQn\000"
ARM GAS  C:\Users\jadeh\AppData\Local\Temp\ccXfYkwJ.s 			page 46


 1870      735F696E 
 1870      74657272 
 1870      7570745F 
 1870      4952516E 
 1871              	.LASF167:
 1872 10b5 6C6F6E67 		.ascii	"long int\000"
 1872      20696E74 
 1872      00
 1873              	.LASF91:
 1874 10be 63707573 		.ascii	"cpuss_interrupts_dw1_15_IRQn\000"
 1874      735F696E 
 1874      74657272 
 1874      75707473 
 1874      5F647731 
 1875              	.LASF190:
 1876 10db 63707573 		.ascii	"cpussVersion\000"
 1876      73566572 
 1876      73696F6E 
 1876      00
 1877              	.LASF273:
 1878 10e8 49544D5F 		.ascii	"ITM_RxBuffer\000"
 1878      52784275 
 1878      66666572 
 1878      00
 1879              	.LASF194:
 1880 10f5 6770696F 		.ascii	"gpioVersion\000"
 1880      56657273 
 1880      696F6E00 
 1881              	.LASF1:
 1882 1101 4E6F6E4D 		.ascii	"NonMaskableInt_IRQn\000"
 1882      61736B61 
 1882      626C6549 
 1882      6E745F49 
 1882      52516E00 
 1883              	.LASF128:
 1884 1115 74637077 		.ascii	"tcpwm_1_interrupts_20_IRQn\000"
 1884      6D5F315F 
 1884      696E7465 
 1884      72727570 
 1884      74735F32 
 1885              	.LASF193:
 1886 1130 666C6173 		.ascii	"flashcVersion\000"
 1886      68635665 
 1886      7273696F 
 1886      6E00
 1887              	.LASF215:
 1888 113e 70726F74 		.ascii	"protBusMasterMask\000"
 1888      4275734D 
 1888      61737465 
 1888      724D6173 
 1888      6B00
 1889              	.LASF57:
 1890 1150 7363625F 		.ascii	"scb_6_interrupt_IRQn\000"
 1890      365F696E 
 1890      74657272 
 1890      7570745F 
 1890      4952516E 
ARM GAS  C:\Users\jadeh\AppData\Local\Temp\ccXfYkwJ.s 			page 47


 1891              	.LASF47:
 1892 1165 63707573 		.ascii	"cpuss_interrupts_ipc_12_IRQn\000"
 1892      735F696E 
 1892      74657272 
 1892      75707473 
 1892      5F697063 
 1893              	.LASF24:
 1894 1182 696F7373 		.ascii	"ioss_interrupts_gpio_14_IRQn\000"
 1894      5F696E74 
 1894      65727275 
 1894      7074735F 
 1894      6770696F 
 1895              	.LASF41:
 1896 119f 63707573 		.ascii	"cpuss_interrupts_ipc_6_IRQn\000"
 1896      735F696E 
 1896      74657272 
 1896      75707473 
 1896      5F697063 
 1897              	.LASF18:
 1898 11bb 696F7373 		.ascii	"ioss_interrupts_gpio_8_IRQn\000"
 1898      5F696E74 
 1898      65727275 
 1898      7074735F 
 1898      6770696F 
 1899              	.LASF254:
 1900 11d7 63707573 		.ascii	"cpussCm4PwrCtlOffset\000"
 1900      73436D34 
 1900      50777243 
 1900      746C4F66 
 1900      66736574 
 1901              	.LASF152:
 1902 11ec 736D6966 		.ascii	"smif_interrupt_IRQn\000"
 1902      5F696E74 
 1902      65727275 
 1902      70745F49 
 1902      52516E00 
 1903              	.LASF53:
 1904 1200 7363625F 		.ascii	"scb_2_interrupt_IRQn\000"
 1904      325F696E 
 1904      74657272 
 1904      7570745F 
 1904      4952516E 
 1905              	.LASF13:
 1906 1215 696F7373 		.ascii	"ioss_interrupts_gpio_3_IRQn\000"
 1906      5F696E74 
 1906      65727275 
 1906      7074735F 
 1906      6770696F 
 1907              	.LASF74:
 1908 1231 63707573 		.ascii	"cpuss_interrupts_dw0_14_IRQn\000"
 1908      735F696E 
 1908      74657272 
 1908      75707473 
 1908      5F647730 
 1909              	.LASF211:
 1910 124e 70617373 		.ascii	"passSarChannels\000"
 1910      53617243 
ARM GAS  C:\Users\jadeh\AppData\Local\Temp\ccXfYkwJ.s 			page 48


 1910      68616E6E 
 1910      656C7300 
 1911              	.LASF82:
 1912 125e 63707573 		.ascii	"cpuss_interrupts_dw1_6_IRQn\000"
 1912      735F696E 
 1912      74657272 
 1912      75707473 
 1912      5F647731 
 1913              	.LASF130:
 1914 127a 74637077 		.ascii	"tcpwm_1_interrupts_22_IRQn\000"
 1914      6D5F315F 
 1914      696E7465 
 1914      72727570 
 1914      74735F32 
 1915              	.LASF60:
 1916 1295 63707573 		.ascii	"cpuss_interrupts_dw0_0_IRQn\000"
 1916      735F696E 
 1916      74657272 
 1916      75707473 
 1916      5F647730 
 1917              	.LASF256:
 1918 12b1 63707573 		.ascii	"cpussTrimRomCtlOffset\000"
 1918      73547269 
 1918      6D526F6D 
 1918      43746C4F 
 1918      66667365 
 1919              	.LASF271:
 1920 12c7 696E7472 		.ascii	"intrPriority\000"
 1920      5072696F 
 1920      72697479 
 1920      00
 1921              	.LASF144:
 1922 12d4 7564625F 		.ascii	"udb_interrupts_12_IRQn\000"
 1922      696E7465 
 1922      72727570 
 1922      74735F31 
 1922      325F4952 
 1923              	.LASF9:
 1924 12eb 53797354 		.ascii	"SysTick_IRQn\000"
 1924      69636B5F 
 1924      4952516E 
 1924      00
 1925              	.LASF195:
 1926 12f8 6873696F 		.ascii	"hsiomVersion\000"
 1926      6D566572 
 1926      73696F6E 
 1926      00
 1927              	.LASF77:
 1928 1305 63707573 		.ascii	"cpuss_interrupts_dw1_1_IRQn\000"
 1928      735F696E 
 1928      74657272 
 1928      75707473 
 1928      5F647731 
 1929              	.LASF264:
 1930 1321 69706353 		.ascii	"ipcStructSize\000"
 1930      74727563 
 1930      7453697A 
ARM GAS  C:\Users\jadeh\AppData\Local\Temp\ccXfYkwJ.s 			page 49


 1930      6500
 1931              	.LASF169:
 1932 132f 6C6F6E67 		.ascii	"long unsigned int\000"
 1932      20756E73 
 1932      69676E65 
 1932      6420696E 
 1932      7400
 1933              	.LASF103:
 1934 1341 74637077 		.ascii	"tcpwm_0_interrupts_3_IRQn\000"
 1934      6D5F305F 
 1934      696E7465 
 1934      72727570 
 1934      74735F33 
 1935              	.LASF260:
 1936 135b 63707573 		.ascii	"cpussRomCtl\000"
 1936      73526F6D 
 1936      43746C00 
 1937              	.LASF64:
 1938 1367 63707573 		.ascii	"cpuss_interrupts_dw0_4_IRQn\000"
 1938      735F696E 
 1938      74657272 
 1938      75707473 
 1938      5F647730 
 1939              	.LASF176:
 1940 1383 696E7433 		.ascii	"int32_t\000"
 1940      325F7400 
 1941              	.LASF266:
 1942 138b 63795F73 		.ascii	"cy_stc_device_t\000"
 1942      74635F64 
 1942      65766963 
 1942      655F7400 
 1943              	.LASF113:
 1944 139b 74637077 		.ascii	"tcpwm_1_interrupts_5_IRQn\000"
 1944      6D5F315F 
 1944      696E7465 
 1944      72727570 
 1944      74735F35 
 1945              	.LASF140:
 1946 13b5 7564625F 		.ascii	"udb_interrupts_8_IRQn\000"
 1946      696E7465 
 1946      72727570 
 1946      74735F38 
 1946      5F495251 
 1947              	.LASF183:
 1948 13cb 75646242 		.ascii	"udbBase\000"
 1948      61736500 
 1949              	.LASF126:
 1950 13d3 74637077 		.ascii	"tcpwm_1_interrupts_18_IRQn\000"
 1950      6D5F315F 
 1950      696E7465 
 1950      72727570 
 1950      74735F31 
 1951              	.LASF7:
 1952 13ee 44656275 		.ascii	"DebugMonitor_IRQn\000"
 1952      674D6F6E 
 1952      69746F72 
 1952      5F495251 
ARM GAS  C:\Users\jadeh\AppData\Local\Temp\ccXfYkwJ.s 			page 50


 1952      6E00
 1953              	.LASF5:
 1954 1400 55736167 		.ascii	"UsageFault_IRQn\000"
 1954      65466175 
 1954      6C745F49 
 1954      52516E00 
 1955              	.LASF275:
 1956 1410 55415254 		.ascii	"UART_1_SCB_IRQ_cfg\000"
 1956      5F315F53 
 1956      43425F49 
 1956      52515F63 
 1956      666700
 1957              	.LASF135:
 1958 1423 7564625F 		.ascii	"udb_interrupts_3_IRQn\000"
 1958      696E7465 
 1958      72727570 
 1958      74735F33 
 1958      5F495251 
 1959              	.LASF162:
 1960 1439 756E7369 		.ascii	"unsigned char\000"
 1960      676E6564 
 1960      20636861 
 1960      7200
 1961              	.LASF278:
 1962 1447 47656E65 		.ascii	"Generated_Source\\PSoC6\\cyfitter_sysint_cfg.c\000"
 1962      72617465 
 1962      645F536F 
 1962      75726365 
 1962      5C50536F 
 1963              	.LASF168:
 1964 1474 5F5F7569 		.ascii	"__uint32_t\000"
 1964      6E743332 
 1964      5F7400
 1965              	.LASF265:
 1966 147f 6970634C 		.ascii	"ipcLockStatusOffset\000"
 1966      6F636B53 
 1966      74617475 
 1966      734F6666 
 1966      73657400 
 1967              	.LASF121:
 1968 1493 74637077 		.ascii	"tcpwm_1_interrupts_13_IRQn\000"
 1968      6D5F315F 
 1968      696E7465 
 1968      72727570 
 1968      74735F31 
 1969              	.LASF39:
 1970 14ae 63707573 		.ascii	"cpuss_interrupts_ipc_4_IRQn\000"
 1970      735F696E 
 1970      74657272 
 1970      75707473 
 1970      5F697063 
 1971              	.LASF221:
 1972 14ca 666C6173 		.ascii	"flashEraseDelay\000"
 1972      68457261 
 1972      73654465 
 1972      6C617900 
 1973              	.LASF65:
ARM GAS  C:\Users\jadeh\AppData\Local\Temp\ccXfYkwJ.s 			page 51


 1974 14da 63707573 		.ascii	"cpuss_interrupts_dw0_5_IRQn\000"
 1974      735F696E 
 1974      74657272 
 1974      75707473 
 1974      5F647730 
 1975              	.LASF227:
 1976 14f6 64774368 		.ascii	"dwChOffset\000"
 1976      4F666673 
 1976      657400
 1977              	.LASF88:
 1978 1501 63707573 		.ascii	"cpuss_interrupts_dw1_12_IRQn\000"
 1978      735F696E 
 1978      74657272 
 1978      75707473 
 1978      5F647731 
 1979              	.LASF26:
 1980 151e 696F7373 		.ascii	"ioss_interrupt_vdd_IRQn\000"
 1980      5F696E74 
 1980      65727275 
 1980      70745F76 
 1980      64645F49 
 1981              	.LASF161:
 1982 1536 5F5F7569 		.ascii	"__uint8_t\000"
 1982      6E74385F 
 1982      7400
 1983              	.LASF49:
 1984 1540 63707573 		.ascii	"cpuss_interrupts_ipc_14_IRQn\000"
 1984      735F696E 
 1984      74657272 
 1984      75707473 
 1984      5F697063 
 1985              	.LASF0:
 1986 155d 52657365 		.ascii	"Reset_IRQn\000"
 1986      745F4952 
 1986      516E00
 1987              	.LASF217:
 1988 1568 666C6173 		.ascii	"flashRwwRequired\000"
 1988      68527777 
 1988      52657175 
 1988      69726564 
 1988      00
 1989              	.LASF246:
 1990 1579 6770696F 		.ascii	"gpioPrtCfgOffset\000"
 1990      50727443 
 1990      66674F66 
 1990      66736574 
 1990      00
 1991              	.LASF212:
 1992 158a 65704D6F 		.ascii	"epMonitorNr\000"
 1992      6E69746F 
 1992      724E7200 
 1993              	.LASF2:
 1994 1596 48617264 		.ascii	"HardFault_IRQn\000"
 1994      4661756C 
 1994      745F4952 
 1994      516E00
 1995              	.LASF159:
ARM GAS  C:\Users\jadeh\AppData\Local\Temp\ccXfYkwJ.s 			page 52


 1996 15a5 7369676E 		.ascii	"signed char\000"
 1996      65642063 
 1996      68617200 
 1997              	.LASF148:
 1998 15b1 70617373 		.ascii	"pass_interrupt_sar_IRQn\000"
 1998      5F696E74 
 1998      65727275 
 1998      70745F73 
 1998      61725F49 
 1999              	.LASF132:
 2000 15c9 7564625F 		.ascii	"udb_interrupts_0_IRQn\000"
 2000      696E7465 
 2000      72727570 
 2000      74735F30 
 2000      5F495251 
 2001              	.LASF200:
 2002 15df 63707573 		.ascii	"cpussIpcIrqNr\000"
 2002      73497063 
 2002      4972714E 
 2002      7200
 2003              	.LASF230:
 2004 15ed 64774368 		.ascii	"dwChCtlPreemptablePos\000"
 2004      43746C50 
 2004      7265656D 
 2004      70746162 
 2004      6C65506F 
 2005              	.LASF118:
 2006 1603 74637077 		.ascii	"tcpwm_1_interrupts_10_IRQn\000"
 2006      6D5F315F 
 2006      696E7465 
 2006      72727570 
 2006      74735F31 
 2007              	.LASF15:
 2008 161e 696F7373 		.ascii	"ioss_interrupts_gpio_5_IRQn\000"
 2008      5F696E74 
 2008      65727275 
 2008      7074735F 
 2008      6770696F 
 2009              	.LASF44:
 2010 163a 63707573 		.ascii	"cpuss_interrupts_ipc_9_IRQn\000"
 2010      735F696E 
 2010      74657272 
 2010      75707473 
 2010      5F697063 
 2011              	.LASF197:
 2012 1656 70657269 		.ascii	"periVersion\000"
 2012      56657273 
 2012      696F6E00 
 2013              	.LASF93:
 2014 1662 63707573 		.ascii	"cpuss_interrupts_fault_1_IRQn\000"
 2014      735F696E 
 2014      74657272 
 2014      75707473 
 2014      5F666175 
 2015              	.LASF269:
 2016 1680 646F7562 		.ascii	"double\000"
 2016      6C6500
ARM GAS  C:\Users\jadeh\AppData\Local\Temp\ccXfYkwJ.s 			page 53


 2017              	.LASF187:
 2018 1687 70617373 		.ascii	"passBase\000"
 2018      42617365 
 2018      00
 2019              	.LASF224:
 2020 1690 666C6173 		.ascii	"flashCtlMainWs2Freq\000"
 2020      6843746C 
 2020      4D61696E 
 2020      57733246 
 2020      72657100 
 2021              	.LASF10:
 2022 16a4 696F7373 		.ascii	"ioss_interrupts_gpio_0_IRQn\000"
 2022      5F696E74 
 2022      65727275 
 2022      7074735F 
 2022      6770696F 
 2023              	.LASF71:
 2024 16c0 63707573 		.ascii	"cpuss_interrupts_dw0_11_IRQn\000"
 2024      735F696E 
 2024      74657272 
 2024      75707473 
 2024      5F647730 
 2025              	.LASF226:
 2026 16dd 666C6173 		.ascii	"flashCtlMainWs4Freq\000"
 2026      6843746C 
 2026      4D61696E 
 2026      57733446 
 2026      72657100 
 2027              	.LASF79:
 2028 16f1 63707573 		.ascii	"cpuss_interrupts_dw1_3_IRQn\000"
 2028      735F696E 
 2028      74657272 
 2028      75707473 
 2028      5F647731 
 2029              	.LASF105:
 2030 170d 74637077 		.ascii	"tcpwm_0_interrupts_5_IRQn\000"
 2030      6D5F305F 
 2030      696E7465 
 2030      72727570 
 2030      74735F35 
 2031              	.LASF94:
 2032 1727 63707573 		.ascii	"cpuss_interrupt_crypto_IRQn\000"
 2032      735F696E 
 2032      74657272 
 2032      7570745F 
 2032      63727970 
 2033              	.LASF100:
 2034 1743 74637077 		.ascii	"tcpwm_0_interrupts_0_IRQn\000"
 2034      6D5F305F 
 2034      696E7465 
 2034      72727570 
 2034      74735F30 
 2035              	.LASF196:
 2036 175d 69706356 		.ascii	"ipcVersion\000"
 2036      65727369 
 2036      6F6E00
 2037              	.LASF38:
ARM GAS  C:\Users\jadeh\AppData\Local\Temp\ccXfYkwJ.s 			page 54


 2038 1768 63707573 		.ascii	"cpuss_interrupts_ipc_3_IRQn\000"
 2038      735F696E 
 2038      74657272 
 2038      75707473 
 2038      5F697063 
 2039              	.LASF58:
 2040 1784 7363625F 		.ascii	"scb_7_interrupt_IRQn\000"
 2040      375F696E 
 2040      74657272 
 2040      7570745F 
 2040      4952516E 
 2041              	.LASF98:
 2042 1799 63707573 		.ascii	"cpuss_interrupts_cm4_cti_0_IRQn\000"
 2042      735F696E 
 2042      74657272 
 2042      75707473 
 2042      5F636D34 
 2043              	.LASF110:
 2044 17b9 74637077 		.ascii	"tcpwm_1_interrupts_2_IRQn\000"
 2044      6D5F315F 
 2044      696E7465 
 2044      72727570 
 2044      74735F32 
 2045              		.ident	"GCC: (GNU Tools for ARM Embedded Processors) 5.4.1 20160609 (release) [ARM/embedded-5-bran
